TN:
SF:app.js
FN:17,(anonymous_0)
FN:37,(anonymous_1)
FN:43,(anonymous_2)
FNF:3
FNH:2
FNDA:41,(anonymous_0)
FNDA:0,(anonymous_1)
FNDA:32,(anonymous_2)
DA:1,1
DA:2,1
DA:3,1
DA:4,1
DA:5,1
DA:6,1
DA:7,1
DA:8,1
DA:9,1
DA:10,1
DA:11,1
DA:13,1
DA:14,1
DA:15,1
DA:16,1
DA:17,1
DA:18,41
DA:19,41
DA:23,41
DA:24,0
DA:25,0
DA:27,41
DA:31,1
DA:32,1
DA:33,1
DA:34,1
DA:35,1
DA:37,1
DA:38,0
DA:39,0
DA:40,0
DA:43,1
DA:44,32
DA:45,32
DA:52,1
LF:35
LH:30
BRDA:23,0,0,0
BRDA:23,0,1,41
BRDA:44,1,0,32
BRDA:44,1,1,0
BRF:4
BRH:2
end_of_record
TN:
SF:Hash_Tables\User_Hash_Table.js
FN:10,(anonymous_0)
FN:13,(anonymous_1)
FN:34,(anonymous_2)
FN:39,(anonymous_3)
FN:51,(anonymous_4)
FN:64,(anonymous_5)
FN:97,(anonymous_6)
FN:141,(anonymous_7)
FN:183,(anonymous_8)
FN:220,(anonymous_9)
FN:267,(anonymous_10)
FN:317,(anonymous_11)
FN:328,(anonymous_12)
FN:350,(anonymous_13)
FN:372,(anonymous_14)
FN:381,(anonymous_15)
FN:390,(anonymous_16)
FN:402,(anonymous_17)
FN:411,(anonymous_18)
FN:433,(anonymous_19)
FN:457,(anonymous_20)
FN:482,(anonymous_21)
FN:494,(anonymous_22)
FN:524,(anonymous_23)
FN:530,(anonymous_24)
FNF:25
FNH:11
FNDA:1,(anonymous_0)
FNDA:1,(anonymous_1)
FNDA:0,(anonymous_2)
FNDA:0,(anonymous_3)
FNDA:13,(anonymous_4)
FNDA:3,(anonymous_5)
FNDA:4,(anonymous_6)
FNDA:0,(anonymous_7)
FNDA:3,(anonymous_8)
FNDA:0,(anonymous_9)
FNDA:3,(anonymous_10)
FNDA:0,(anonymous_11)
FNDA:0,(anonymous_12)
FNDA:2,(anonymous_13)
FNDA:0,(anonymous_14)
FNDA:0,(anonymous_15)
FNDA:0,(anonymous_16)
FNDA:0,(anonymous_17)
FNDA:0,(anonymous_18)
FNDA:2,(anonymous_19)
FNDA:0,(anonymous_20)
FNDA:0,(anonymous_21)
FNDA:0,(anonymous_22)
FNDA:6,(anonymous_23)
FNDA:6,(anonymous_24)
DA:1,1
DA:2,1
DA:8,1
DA:11,1
DA:12,1
DA:14,1
DA:15,1
DA:16,1
DA:19,1
DA:20,1
DA:21,1
DA:22,9
DA:23,9
DA:24,9
DA:25,9
DA:26,9
DA:27,9
DA:28,7
DA:29,46
DA:31,9
DA:35,0
DA:40,0
DA:41,0
DA:42,0
DA:45,0
DA:46,0
DA:48,0
DA:52,13
DA:53,0
DA:54,0
DA:57,13
DA:58,13
DA:60,0
DA:65,3
DA:66,1
DA:67,1
DA:71,3
DA:73,3
DA:75,2
DA:76,1
DA:78,1
DA:79,1
DA:80,1
DA:81,1
DA:84,0
DA:88,1
DA:91,1
DA:94,0
DA:98,4
DA:99,0
DA:100,0
DA:104,4
DA:106,4
DA:108,3
DA:110,2
DA:112,2
DA:113,0
DA:114,0
DA:117,2
DA:118,1
DA:120,1
DA:121,1
DA:122,1
DA:125,0
DA:129,1
DA:132,1
DA:135,1
DA:138,0
DA:142,0
DA:143,0
DA:144,0
DA:148,0
DA:150,0
DA:152,0
DA:153,0
DA:155,0
DA:157,0
DA:158,0
DA:159,0
DA:162,0
DA:163,0
DA:165,0
DA:166,0
DA:167,0
DA:170,0
DA:174,0
DA:177,0
DA:180,0
DA:184,3
DA:185,0
DA:186,0
DA:190,3
DA:192,3
DA:193,2
DA:195,2
DA:197,1
DA:199,1
DA:201,1
DA:203,1
DA:204,1
DA:207,1
DA:210,0
DA:214,1
DA:217,0
DA:221,0
DA:222,0
DA:223,0
DA:232,0
DA:234,0
DA:235,0
DA:237,0
DA:239,0
DA:241,0
DA:243,0
DA:245,0
DA:247,0
DA:248,0
DA:251,0
DA:254,0
DA:257,0
DA:261,0
DA:264,0
DA:268,3
DA:269,0
DA:270,0
DA:279,3
DA:281,3
DA:282,2
DA:284,2
DA:286,2
DA:288,2
DA:290,2
DA:292,1
DA:294,1
DA:295,1
DA:298,1
DA:301,0
DA:304,0
DA:308,1
DA:311,0
DA:318,0
DA:319,0
DA:320,0
DA:323,0
DA:324,0
DA:329,0
DA:330,0
DA:331,0
DA:334,0
DA:335,0
DA:336,0
DA:337,0
DA:338,0
DA:339,0
DA:341,0
DA:344,0
DA:347,0
DA:351,2
DA:352,0
DA:353,0
DA:356,2
DA:357,2
DA:358,2
DA:359,1
DA:360,1
DA:361,1
DA:363,0
DA:366,1
DA:369,0
DA:373,0
DA:374,0
DA:375,0
DA:378,0
DA:379,0
DA:380,0
DA:381,0
DA:384,0
DA:387,0
DA:391,0
DA:392,0
DA:393,0
DA:396,0
DA:397,0
DA:399,0
DA:403,0
DA:404,0
DA:405,0
DA:408,0
DA:412,0
DA:413,0
DA:414,0
DA:417,0
DA:418,0
DA:419,0
DA:420,0
DA:421,0
DA:422,0
DA:424,0
DA:427,0
DA:430,0
DA:434,2
DA:435,0
DA:436,0
DA:439,2
DA:440,2
DA:441,2
DA:442,1
DA:443,1
DA:444,1
DA:446,0
DA:449,1
DA:452,0
DA:458,0
DA:459,0
DA:460,0
DA:463,0
DA:464,0
DA:467,0
DA:468,0
DA:469,0
DA:470,0
DA:471,0
DA:472,0
DA:473,0
DA:476,0
DA:479,0
DA:483,0
DA:484,0
DA:485,0
DA:488,0
DA:489,0
DA:490,0
DA:491,0
DA:495,0
DA:496,0
DA:497,0
DA:501,0
DA:503,0
DA:505,0
DA:507,0
DA:508,0
DA:509,0
DA:510,0
DA:511,0
DA:516,0
DA:517,0
DA:518,0
DA:525,6
DA:526,1
DA:531,6
DA:535,1
LF:251
LH:95
BRDA:14,0,0,1
BRDA:14,0,1,0
BRDA:27,1,0,7
BRDA:27,1,1,2
BRDA:40,2,0,0
BRDA:40,2,1,0
BRDA:45,3,0,0
BRDA:45,3,1,0
BRDA:52,4,0,0
BRDA:52,4,1,13
BRDA:57,5,0,13
BRDA:57,5,1,0
BRDA:65,6,0,1
BRDA:65,6,1,2
BRDA:71,7,0,3
BRDA:71,7,1,0
BRDA:71,8,0,3
BRDA:71,8,1,3
BRDA:71,8,2,3
BRDA:73,9,0,2
BRDA:73,9,1,1
BRDA:75,10,0,1
BRDA:75,10,1,1
BRDA:75,11,0,2
BRDA:75,11,1,2
BRDA:98,12,0,0
BRDA:98,12,1,4
BRDA:104,13,0,4
BRDA:104,13,1,0
BRDA:104,14,0,4
BRDA:104,14,1,4
BRDA:106,15,0,3
BRDA:106,15,1,1
BRDA:108,16,0,2
BRDA:108,16,1,1
BRDA:108,17,0,3
BRDA:108,17,1,2
BRDA:108,17,2,1
BRDA:112,18,0,0
BRDA:112,18,1,2
BRDA:117,19,0,1
BRDA:117,19,1,1
BRDA:142,20,0,0
BRDA:142,20,1,0
BRDA:148,21,0,0
BRDA:148,21,1,0
BRDA:148,22,0,0
BRDA:148,22,1,0
BRDA:150,23,0,0
BRDA:150,23,1,0
BRDA:157,24,0,0
BRDA:157,24,1,0
BRDA:162,25,0,0
BRDA:162,25,1,0
BRDA:184,26,0,0
BRDA:184,26,1,3
BRDA:190,27,0,3
BRDA:190,27,1,0
BRDA:190,28,0,3
BRDA:190,28,1,3
BRDA:192,29,0,2
BRDA:192,29,1,1
BRDA:195,30,0,1
BRDA:195,30,1,1
BRDA:195,31,0,2
BRDA:195,31,1,2
BRDA:221,32,0,0
BRDA:221,32,1,0
BRDA:232,33,0,0
BRDA:232,33,1,0
BRDA:232,34,0,0
BRDA:232,34,1,0
BRDA:234,35,0,0
BRDA:234,35,1,0
BRDA:239,36,0,0
BRDA:239,36,1,0
BRDA:243,37,0,0
BRDA:243,37,1,0
BRDA:268,38,0,0
BRDA:268,38,1,3
BRDA:279,39,0,3
BRDA:279,39,1,0
BRDA:279,40,0,3
BRDA:279,40,1,3
BRDA:281,41,0,2
BRDA:281,41,1,1
BRDA:286,42,0,2
BRDA:286,42,1,0
BRDA:290,43,0,1
BRDA:290,43,1,1
BRDA:318,44,0,0
BRDA:318,44,1,0
BRDA:323,45,0,0
BRDA:323,45,1,0
BRDA:329,46,0,0
BRDA:329,46,1,0
BRDA:334,47,0,0
BRDA:334,47,1,0
BRDA:336,48,0,0
BRDA:336,48,1,0
BRDA:338,49,0,0
BRDA:338,49,1,0
BRDA:351,50,0,0
BRDA:351,50,1,2
BRDA:356,51,0,2
BRDA:356,51,1,0
BRDA:358,52,0,1
BRDA:358,52,1,1
BRDA:360,53,0,1
BRDA:360,53,1,0
BRDA:373,54,0,0
BRDA:373,54,1,0
BRDA:378,55,0,0
BRDA:378,55,1,0
BRDA:378,56,0,0
BRDA:378,56,1,0
BRDA:379,57,0,0
BRDA:379,57,1,0
BRDA:391,58,0,0
BRDA:391,58,1,0
BRDA:396,59,0,0
BRDA:396,59,1,0
BRDA:403,60,0,0
BRDA:403,60,1,0
BRDA:412,61,0,0
BRDA:412,61,1,0
BRDA:417,62,0,0
BRDA:417,62,1,0
BRDA:419,63,0,0
BRDA:419,63,1,0
BRDA:421,64,0,0
BRDA:421,64,1,0
BRDA:434,65,0,0
BRDA:434,65,1,2
BRDA:439,66,0,2
BRDA:439,66,1,0
BRDA:441,67,0,1
BRDA:441,67,1,1
BRDA:443,68,0,1
BRDA:443,68,1,0
BRDA:458,69,0,0
BRDA:458,69,1,0
BRDA:463,70,0,0
BRDA:463,70,1,0
BRDA:463,71,0,0
BRDA:463,71,1,0
BRDA:470,72,0,0
BRDA:470,72,1,0
BRDA:470,73,0,0
BRDA:470,73,1,0
BRDA:472,74,0,0
BRDA:472,74,1,0
BRDA:472,75,0,0
BRDA:472,75,1,0
BRDA:483,76,0,0
BRDA:483,76,1,0
BRDA:489,77,0,0
BRDA:489,77,1,0
BRDA:489,78,0,0
BRDA:489,78,1,0
BRDA:495,79,0,0
BRDA:495,79,1,0
BRDA:510,80,0,0
BRDA:510,80,1,0
BRDA:517,81,0,0
BRDA:517,81,1,0
BRDA:525,82,0,1
BRDA:525,82,1,5
BRF:168
BRH:62
end_of_record
TN:
SF:database\Database.js
FN:5,(anonymous_0)
FN:16,(anonymous_1)
FN:28,(anonymous_2)
FN:33,(anonymous_3)
FN:39,(anonymous_4)
FN:50,(anonymous_5)
FN:54,(anonymous_6)
FN:67,(anonymous_7)
FN:83,(anonymous_8)
FN:94,(anonymous_9)
FN:142,(anonymous_10)
FN:177,(anonymous_11)
FN:179,(anonymous_12)
FN:179,(anonymous_13)
FN:186,(anonymous_14)
FN:192,(anonymous_15)
FNF:16
FNH:9
FNDA:1,(anonymous_0)
FNDA:1,(anonymous_1)
FNDA:6,(anonymous_2)
FNDA:3,(anonymous_3)
FNDA:0,(anonymous_4)
FNDA:2,(anonymous_5)
FNDA:0,(anonymous_6)
FNDA:0,(anonymous_7)
FNDA:0,(anonymous_8)
FNDA:10,(anonymous_9)
FNDA:3,(anonymous_10)
FNDA:0,(anonymous_11)
FNDA:0,(anonymous_12)
FNDA:0,(anonymous_13)
FNDA:10,(anonymous_14)
FNDA:10,(anonymous_15)
DA:1,1
DA:2,1
DA:5,1
DA:6,1
DA:17,1
DA:18,1
DA:29,6
DA:31,6
DA:32,3
DA:33,3
DA:34,3
DA:35,0
DA:36,3
DA:37,3
DA:38,3
DA:40,0
DA:44,0
DA:48,3
DA:51,2
DA:52,2
DA:55,0
DA:56,0
DA:59,0
DA:68,0
DA:69,0
DA:72,0
DA:73,0
DA:76,0
DA:80,0
DA:84,0
DA:85,0
DA:88,0
DA:90,0
DA:96,10
DA:98,4
DA:99,4
DA:102,0
DA:106,6
DA:107,0
DA:108,0
DA:111,0
DA:115,6
DA:116,0
DA:117,0
DA:120,0
DA:124,6
DA:125,6
DA:126,6
DA:127,6
DA:128,6
DA:129,17
DA:130,6
DA:134,0
DA:137,0
DA:144,3
DA:146,3
DA:148,3
DA:150,3
DA:151,3
DA:152,3
DA:154,3
DA:155,3
DA:156,3
DA:158,3
DA:161,0
DA:164,3
DA:167,0
DA:171,0
DA:178,0
DA:179,0
DA:180,0
DA:187,10
DA:188,1
DA:193,10
DA:197,1
LF:75
LH:44
BRDA:28,0,0,3
BRDA:31,1,0,3
BRDA:31,1,1,3
BRDA:34,2,0,0
BRDA:34,2,1,3
BRDA:51,3,0,2
BRDA:51,3,1,0
BRDA:68,4,0,0
BRDA:68,4,1,0
BRDA:68,5,0,0
BRDA:68,5,1,0
BRDA:94,6,0,4
BRDA:94,7,0,4
BRDA:96,8,0,4
BRDA:96,8,1,6
BRDA:106,9,0,0
BRDA:106,9,1,6
BRDA:106,10,0,6
BRDA:106,10,1,0
BRDA:115,11,0,0
BRDA:115,11,1,6
BRDA:126,12,0,6
BRDA:126,12,1,0
BRDA:129,13,0,6
BRDA:129,13,1,11
BRDA:144,14,0,3
BRDA:144,14,1,0
BRDA:144,15,0,3
BRDA:144,15,1,3
BRDA:144,15,2,3
BRDA:144,15,3,3
BRDA:148,16,0,3
BRDA:148,16,1,0
BRDA:151,17,0,3
BRDA:151,17,1,0
BRDA:155,18,0,3
BRDA:155,18,1,0
BRDA:187,19,0,1
BRDA:187,19,1,9
BRF:39
BRH:25
end_of_record
TN:
SF:functions\sentiment_functions.js
FN:6,(anonymous_0)
FNF:1
FNH:0
FNDA:0,(anonymous_0)
DA:1,1
DA:2,1
DA:3,1
DA:4,1
DA:6,1
DA:7,0
DA:9,0
DA:10,0
DA:11,0
DA:12,0
DA:13,0
DA:14,0
DA:15,0
DA:17,0
DA:18,0
DA:19,0
DA:20,0
DA:21,0
DA:25,0
DA:29,0
DA:33,0
DA:34,0
DA:36,0
DA:39,0
DA:42,0
DA:45,0
DA:49,1
LF:27
LH:6
BRDA:10,0,0,0
BRDA:10,0,1,0
BRDA:12,1,0,0
BRDA:12,1,1,0
BRDA:17,2,0,0
BRDA:17,2,1,0
BRDA:18,3,0,0
BRDA:18,3,1,0
BRDA:20,4,0,0
BRDA:20,4,1,0
BRDA:33,5,0,0
BRDA:33,5,1,0
BRF:12
BRH:0
end_of_record
TN:
SF:routes\chan.js
FN:6,(anonymous_0)
FN:13,(anonymous_1)
FN:15,(anonymous_2)
FNF:3
FNH:0
FNDA:0,(anonymous_0)
FNDA:0,(anonymous_1)
FNDA:0,(anonymous_2)
DA:1,1
DA:2,1
DA:3,1
DA:4,1
DA:6,1
DA:7,0
DA:8,0
DA:9,0
DA:10,0
DA:11,0
DA:13,0
DA:14,0
DA:16,0
DA:17,0
DA:18,0
DA:22,1
LF:16
LH:6
BRDA:8,0,0,0
BRDA:8,0,1,0
BRDA:8,1,0,0
BRDA:8,1,1,0
BRDA:8,2,0,0
BRDA:8,2,1,0
BRF:6
BRH:0
end_of_record
TN:
SF:routes\reddit.js
FN:6,(anonymous_0)
FN:13,(anonymous_1)
FN:15,(anonymous_2)
FNF:3
FNH:0
FNDA:0,(anonymous_0)
FNDA:0,(anonymous_1)
FNDA:0,(anonymous_2)
DA:1,1
DA:2,1
DA:3,1
DA:4,1
DA:6,1
DA:7,0
DA:8,0
DA:9,0
DA:10,0
DA:13,0
DA:14,0
DA:16,0
DA:17,0
DA:18,0
DA:23,1
LF:15
LH:6
BRDA:7,0,0,0
BRDA:7,0,1,0
BRDA:7,1,0,0
BRDA:7,1,1,0
BRF:4
BRH:0
end_of_record
TN:
SF:routes\sentiment.js
FN:5,(anonymous_0)
FNF:1
FNH:0
FNDA:0,(anonymous_0)
DA:1,1
DA:2,1
DA:3,1
DA:5,1
DA:6,0
DA:9,0
DA:10,0
DA:11,0
DA:12,0
DA:15,0
DA:16,0
DA:17,0
DA:20,0
DA:21,0
DA:22,0
DA:28,1
LF:16
LH:5
BRDA:9,0,0,0
BRDA:9,0,1,0
BRDA:9,1,0,0
BRDA:9,1,1,0
BRF:4
BRH:0
end_of_record
TN:
SF:routes\twitter.js
FN:8,(anonymous_0)
FN:30,(anonymous_1)
FN:53,(anonymous_2)
FN:76,(anonymous_3)
FN:101,(anonymous_4)
FNF:5
FNH:1
FNDA:0,(anonymous_0)
FNDA:0,(anonymous_1)
FNDA:0,(anonymous_2)
FNDA:3,(anonymous_3)
FNDA:0,(anonymous_4)
DA:1,1
DA:2,1
DA:3,1
DA:4,1
DA:5,1
DA:6,1
DA:8,1
DA:9,0
DA:10,0
DA:13,0
DA:14,0
DA:15,0
DA:16,0
DA:19,0
DA:20,0
DA:21,0
DA:24,0
DA:25,0
DA:26,0
DA:30,1
DA:31,0
DA:32,0
DA:35,0
DA:36,0
DA:37,0
DA:38,0
DA:41,0
DA:43,0
DA:44,0
DA:47,0
DA:48,0
DA:49,0
DA:53,1
DA:54,0
DA:55,0
DA:58,0
DA:59,0
DA:60,0
DA:61,0
DA:64,0
DA:66,0
DA:67,0
DA:70,0
DA:71,0
DA:72,0
DA:76,1
DA:78,3
DA:80,3
DA:83,3
DA:84,3
DA:85,3
DA:86,3
DA:89,0
DA:91,0
DA:92,0
DA:95,0
DA:96,0
DA:97,0
DA:101,1
DA:104,0
DA:106,0
DA:109,0
DA:110,0
DA:111,0
DA:112,0
DA:115,0
DA:116,0
DA:117,0
DA:120,0
DA:121,0
DA:122,0
DA:126,1
LF:72
LH:18
BRDA:13,0,0,0
BRDA:13,0,1,0
BRDA:13,1,0,0
BRDA:13,1,1,0
BRDA:35,2,0,0
BRDA:35,2,1,0
BRDA:35,3,0,0
BRDA:35,3,1,0
BRDA:58,4,0,0
BRDA:58,4,1,0
BRDA:58,5,0,0
BRDA:58,5,1,0
BRDA:83,6,0,3
BRDA:83,6,1,0
BRDA:83,7,0,3
BRDA:83,7,1,0
BRDA:109,8,0,0
BRDA:109,8,1,0
BRDA:109,9,0,0
BRDA:109,9,1,0
BRF:20
BRH:2
end_of_record
TN:
SF:routes\user.js
FN:15,(anonymous_0)
FN:23,(anonymous_1)
FN:25,(anonymous_2)
FN:33,(anonymous_3)
FN:41,(anonymous_4)
FN:43,(anonymous_5)
FN:56,(anonymous_6)
FN:63,(anonymous_7)
FN:65,(anonymous_8)
FN:78,(anonymous_9)
FN:85,(anonymous_10)
FN:87,(anonymous_11)
FN:95,(anonymous_12)
FN:103,(anonymous_13)
FN:105,(anonymous_14)
FN:118,(anonymous_15)
FN:125,(anonymous_16)
FN:127,(anonymous_17)
FN:135,(anonymous_18)
FN:142,(anonymous_19)
FN:144,(anonymous_20)
FN:152,(anonymous_21)
FN:159,(anonymous_22)
FN:161,(anonymous_23)
FN:169,(anonymous_24)
FN:177,(anonymous_25)
FN:190,(anonymous_26)
FN:191,(anonymous_27)
FN:198,(anonymous_28)
FN:199,(anonymous_29)
FN:206,(anonymous_30)
FN:213,(anonymous_31)
FN:218,(anonymous_32)
FN:240,(anonymous_33)
FNF:34
FNH:23
FNDA:10,(anonymous_0)
FNDA:1,(anonymous_1)
FNDA:2,(anonymous_2)
FNDA:3,(anonymous_3)
FNDA:1,(anonymous_4)
FNDA:2,(anonymous_5)
FNDA:3,(anonymous_6)
FNDA:1,(anonymous_7)
FNDA:1,(anonymous_8)
FNDA:7,(anonymous_9)
FNDA:1,(anonymous_10)
FNDA:3,(anonymous_11)
FNDA:6,(anonymous_12)
FNDA:1,(anonymous_13)
FNDA:2,(anonymous_14)
FNDA:3,(anonymous_15)
FNDA:1,(anonymous_16)
FNDA:1,(anonymous_17)
FNDA:3,(anonymous_18)
FNDA:2,(anonymous_19)
FNDA:0,(anonymous_20)
FNDA:3,(anonymous_21)
FNDA:2,(anonymous_22)
FNDA:1,(anonymous_23)
FNDA:0,(anonymous_24)
FNDA:0,(anonymous_25)
FNDA:0,(anonymous_26)
FNDA:0,(anonymous_27)
FNDA:0,(anonymous_28)
FNDA:0,(anonymous_29)
FNDA:0,(anonymous_30)
FNDA:0,(anonymous_31)
FNDA:0,(anonymous_32)
FNDA:0,(anonymous_33)
DA:1,1
DA:2,1
DA:3,1
DA:4,1
DA:5,1
DA:6,1
DA:7,1
DA:8,1
DA:15,1
DA:17,10
DA:18,7
DA:19,7
DA:20,7
DA:23,3
DA:24,1
DA:26,2
DA:27,2
DA:28,2
DA:33,1
DA:35,3
DA:36,0
DA:37,0
DA:38,0
DA:41,3
DA:42,1
DA:44,2
DA:45,2
DA:46,2
DA:56,1
DA:57,3
DA:58,1
DA:59,1
DA:60,1
DA:63,2
DA:64,1
DA:66,1
DA:67,1
DA:68,1
DA:78,1
DA:79,7
DA:80,3
DA:81,3
DA:82,3
DA:85,4
DA:86,1
DA:88,3
DA:89,3
DA:90,3
DA:95,1
DA:97,6
DA:98,3
DA:99,3
DA:100,3
DA:103,3
DA:104,1
DA:106,2
DA:107,2
DA:108,2
DA:118,1
DA:119,3
DA:120,1
DA:121,1
DA:122,1
DA:125,2
DA:126,1
DA:128,1
DA:129,1
DA:130,1
DA:135,1
DA:136,3
DA:137,1
DA:138,1
DA:139,1
DA:142,2
DA:143,2
DA:145,0
DA:146,0
DA:147,0
DA:152,1
DA:153,3
DA:154,1
DA:155,1
DA:156,1
DA:159,2
DA:160,2
DA:162,1
DA:163,1
DA:164,1
DA:169,1
DA:170,0
DA:171,0
DA:172,0
DA:173,0
DA:176,0
DA:177,0
DA:178,0
DA:183,0
DA:184,0
DA:185,0
DA:190,1
DA:191,0
DA:192,0
DA:198,1
DA:199,0
DA:200,0
DA:206,1
DA:207,0
DA:208,0
DA:209,0
DA:210,0
DA:211,0
DA:213,0
DA:214,0
DA:218,1
DA:219,0
DA:226,0
DA:240,0
DA:241,0
DA:242,0
DA:244,0
DA:247,0
DA:250,1
LF:122
LH:88
BRDA:17,0,0,7
BRDA:17,0,1,3
BRDA:17,1,0,10
BRDA:17,1,1,6
BRDA:17,1,2,4
BRDA:35,2,0,0
BRDA:35,2,1,3
BRDA:35,3,0,3
BRDA:35,3,1,3
BRDA:57,4,0,1
BRDA:57,4,1,2
BRDA:79,5,0,3
BRDA:79,5,1,4
BRDA:79,6,0,7
BRDA:79,6,1,5
BRDA:97,7,0,3
BRDA:97,7,1,3
BRDA:97,8,0,6
BRDA:97,8,1,4
BRDA:119,9,0,1
BRDA:119,9,1,2
BRDA:136,10,0,1
BRDA:136,10,1,2
BRDA:153,11,0,1
BRDA:153,11,1,2
BRDA:170,12,0,0
BRDA:170,12,1,0
BRDA:170,13,0,0
BRDA:170,13,1,0
BRDA:222,14,0,0
BRDA:222,14,1,0
BRDA:223,15,0,0
BRDA:223,15,1,0
BRDA:241,16,0,0
BRDA:241,16,1,0
BRF:35
BRH:24
end_of_record
TN:
SF:routes\userFunctions.js
FN:8,(anonymous_0)
FN:9,(anonymous_1)
FN:15,(anonymous_2)
FN:19,(anonymous_3)
FN:23,(anonymous_4)
FN:25,(anonymous_5)
FN:36,(anonymous_6)
FN:45,(anonymous_7)
FN:49,(anonymous_8)
FN:60,(anonymous_9)
FN:69,(anonymous_10)
FN:78,(anonymous_11)
FN:87,(anonymous_12)
FN:96,(anonymous_13)
FN:105,(anonymous_14)
FN:108,(anonymous_15)
FN:108,(anonymous_16)
FNF:17
FNH:10
FNDA:2,(anonymous_0)
FNDA:2,(anonymous_1)
FNDA:0,(anonymous_2)
FNDA:0,(anonymous_3)
FNDA:0,(anonymous_4)
FNDA:0,(anonymous_5)
FNDA:2,(anonymous_6)
FNDA:2,(anonymous_7)
FNDA:2,(anonymous_8)
FNDA:2,(anonymous_9)
FNDA:3,(anonymous_10)
FNDA:3,(anonymous_11)
FNDA:4,(anonymous_12)
FNDA:3,(anonymous_13)
FNDA:0,(anonymous_14)
FNDA:0,(anonymous_15)
FNDA:0,(anonymous_16)
DA:1,1
DA:2,1
DA:3,1
DA:4,1
DA:5,1
DA:6,1
DA:8,1
DA:9,2
DA:10,2
DA:12,2
DA:15,1
DA:16,0
DA:19,1
DA:20,0
DA:23,1
DA:24,0
DA:25,0
DA:26,0
DA:29,0
DA:33,0
DA:36,1
DA:37,2
DA:38,2
DA:41,1
DA:45,1
DA:46,2
DA:48,2
DA:49,2
DA:50,2
DA:51,24
DA:53,2
DA:56,0
DA:60,1
DA:61,2
DA:62,2
DA:65,1
DA:69,1
DA:70,3
DA:71,3
DA:74,2
DA:78,1
DA:79,3
DA:80,3
DA:83,2
DA:87,1
DA:88,4
DA:89,4
DA:92,3
DA:96,1
DA:97,3
DA:98,3
DA:101,2
DA:105,1
DA:106,0
DA:107,0
DA:108,0
DA:109,0
DA:110,0
DA:111,0
DA:112,0
DA:113,0
DA:114,0
DA:117,0
DA:120,0
DA:123,1
LF:65
LH:46
BRF:0
BRH:0
end_of_record
TN:
SF:routes\notification\push_notification.js
FN:3,(anonymous_0)
FN:7,(anonymous_1)
FNF:2
FNH:0
FNDA:0,(anonymous_0)
FNDA:0,(anonymous_1)
DA:1,1
DA:4,0
DA:5,0
DA:8,0
DA:17,1
LF:5
LH:2
BRF:0
BRH:0
end_of_record
TN:
SF:social_media_sites\Reddit.js
FN:24,(anonymous_0)
FN:29,(anonymous_1)
FN:33,(anonymous_2)
FN:39,(anonymous_3)
FN:43,(anonymous_4)
FN:51,(anonymous_5)
FN:55,(anonymous_6)
FN:73,(anonymous_7)
FN:78,(anonymous_8)
FN:87,(anonymous_9)
FN:89,(anonymous_10)
FN:94,(anonymous_11)
FN:109,(anonymous_12)
FNF:13
FNH:0
FNDA:0,(anonymous_0)
FNDA:0,(anonymous_1)
FNDA:0,(anonymous_2)
FNDA:0,(anonymous_3)
FNDA:0,(anonymous_4)
FNDA:0,(anonymous_5)
FNDA:0,(anonymous_6)
FNDA:0,(anonymous_7)
FNDA:0,(anonymous_8)
FNDA:0,(anonymous_9)
FNDA:0,(anonymous_10)
FNDA:0,(anonymous_11)
FNDA:0,(anonymous_12)
DA:1,1
DA:2,1
DA:3,1
DA:4,1
DA:5,1
DA:6,1
DA:7,1
DA:8,1
DA:9,1
DA:10,1
DA:11,1
DA:12,1
DA:21,2
DA:24,2
DA:25,0
DA:29,2
DA:30,0
DA:31,0
DA:32,0
DA:33,0
DA:34,0
DA:36,0
DA:37,0
DA:39,2
DA:40,0
DA:41,0
DA:42,0
DA:43,0
DA:44,0
DA:46,0
DA:47,0
DA:51,2
DA:52,0
DA:53,0
DA:54,0
DA:55,0
DA:56,0
DA:67,0
DA:68,0
DA:73,2
DA:76,0
DA:77,0
DA:79,0
DA:80,0
DA:81,0
DA:83,0
DA:86,0
DA:87,0
DA:90,0
DA:94,2
DA:95,0
DA:101,0
DA:102,0
DA:104,0
DA:105,0
DA:107,0
DA:108,0
DA:109,0
DA:110,0
DA:120,0
DA:122,0
DA:125,0
DA:129,1
LF:63
LH:20
BRDA:81,0,0,0
BRDA:81,0,1,0
BRDA:102,1,0,0
BRDA:102,1,1,0
BRDA:120,2,0,0
BRDA:120,2,1,0
BRF:6
BRH:0
end_of_record
TN:
SF:social_media_sites\Twitter.js
FN:24,(anonymous_0)
FN:30,(anonymous_1)
FN:42,(anonymous_2)
FN:47,(anonymous_3)
FN:57,(anonymous_4)
FN:59,(anonymous_5)
FN:66,(anonymous_6)
FN:104,(anonymous_7)
FN:106,(anonymous_8)
FN:124,(anonymous_9)
FN:158,(anonymous_10)
FN:170,(anonymous_11)
FN:192,(anonymous_12)
FN:213,(anonymous_13)
FN:256,(anonymous_14)
FN:284,(anonymous_15)
FN:311,(anonymous_16)
FN:323,(anonymous_17)
FN:345,(anonymous_18)
FN:359,(anonymous_19)
FN:388,(anonymous_20)
FN:394,(anonymous_21)
FNF:22
FNH:4
FNDA:1,(anonymous_0)
FNDA:1,(anonymous_1)
FNDA:0,(anonymous_2)
FNDA:0,(anonymous_3)
FNDA:0,(anonymous_4)
FNDA:0,(anonymous_5)
FNDA:0,(anonymous_6)
FNDA:0,(anonymous_7)
FNDA:0,(anonymous_8)
FNDA:0,(anonymous_9)
FNDA:0,(anonymous_10)
FNDA:0,(anonymous_11)
FNDA:0,(anonymous_12)
FNDA:0,(anonymous_13)
FNDA:0,(anonymous_14)
FNDA:0,(anonymous_15)
FNDA:0,(anonymous_16)
FNDA:0,(anonymous_17)
FNDA:0,(anonymous_18)
FNDA:0,(anonymous_19)
FNDA:1,(anonymous_20)
FNDA:1,(anonymous_21)
DA:1,1
DA:2,1
DA:3,1
DA:4,1
DA:5,1
DA:6,1
DA:7,1
DA:8,1
DA:9,1
DA:11,1
DA:18,1
DA:19,1
DA:22,1
DA:25,1
DA:26,1
DA:28,1
DA:29,1
DA:31,1
DA:32,1
DA:33,7
DA:34,7
DA:35,7
DA:36,7
DA:37,76
DA:39,7
DA:40,7
DA:43,0
DA:48,0
DA:49,0
DA:50,0
DA:53,0
DA:54,0
DA:55,0
DA:57,0
DA:58,0
DA:59,0
DA:63,0
DA:67,0
DA:68,0
DA:69,0
DA:72,0
DA:73,0
DA:75,0
DA:76,0
DA:77,0
DA:78,0
DA:79,0
DA:80,0
DA:81,0
DA:82,0
DA:83,0
DA:85,0
DA:86,0
DA:87,0
DA:88,0
DA:89,0
DA:95,0
DA:100,0
DA:105,0
DA:106,0
DA:107,0
DA:108,0
DA:110,0
DA:111,0
DA:113,0
DA:114,0
DA:115,0
DA:118,0
DA:125,0
DA:126,0
DA:127,0
DA:129,0
DA:130,0
DA:131,0
DA:132,0
DA:133,0
DA:134,0
DA:135,0
DA:136,0
DA:139,0
DA:140,0
DA:141,0
DA:142,0
DA:143,0
DA:144,0
DA:145,0
DA:149,0
DA:155,0
DA:159,0
DA:160,0
DA:161,0
DA:164,0
DA:165,0
DA:167,0
DA:171,0
DA:172,0
DA:173,0
DA:176,0
DA:177,0
DA:178,0
DA:179,0
DA:181,0
DA:182,0
DA:185,0
DA:189,0
DA:193,0
DA:194,0
DA:195,0
DA:198,0
DA:199,0
DA:200,0
DA:201,0
DA:203,0
DA:206,0
DA:210,0
DA:214,0
DA:215,0
DA:216,0
DA:220,0
DA:222,0
DA:224,0
DA:226,0
DA:228,0
DA:230,0
DA:232,0
DA:233,0
DA:234,0
DA:237,0
DA:238,0
DA:241,0
DA:244,0
DA:247,0
DA:250,0
DA:253,0
DA:257,0
DA:258,0
DA:259,0
DA:263,0
DA:265,0
DA:267,0
DA:270,0
DA:271,0
DA:272,0
DA:273,0
DA:274,0
DA:278,0
DA:281,0
DA:286,0
DA:288,0
DA:290,0
DA:292,0
DA:293,0
DA:295,0
DA:296,0
DA:297,0
DA:300,0
DA:303,0
DA:312,0
DA:313,0
DA:314,0
DA:315,0
DA:316,0
DA:319,0
DA:324,0
DA:325,0
DA:326,0
DA:329,0
DA:330,0
DA:331,0
DA:332,0
DA:333,0
DA:335,0
DA:338,0
DA:341,0
DA:346,0
DA:347,0
DA:348,0
DA:351,0
DA:352,0
DA:353,0
DA:354,0
DA:360,0
DA:361,0
DA:362,0
DA:366,0
DA:368,0
DA:370,0
DA:371,0
DA:372,0
DA:374,0
DA:375,0
DA:377,0
DA:382,0
DA:389,1
DA:390,1
DA:395,1
DA:399,1
LF:197
LH:30
BRDA:25,0,0,1
BRDA:25,0,1,0
BRDA:48,1,0,0
BRDA:48,1,1,0
BRDA:53,2,0,0
BRDA:53,2,1,0
BRDA:53,3,0,0
BRDA:53,3,1,0
BRDA:54,4,0,0
BRDA:54,4,1,0
BRDA:67,5,0,0
BRDA:67,5,1,0
BRDA:72,6,0,0
BRDA:72,6,1,0
BRDA:76,7,0,0
BRDA:76,7,1,0
BRDA:80,8,0,0
BRDA:80,8,1,0
BRDA:82,9,0,0
BRDA:82,9,1,0
BRDA:86,10,0,0
BRDA:86,10,1,0
BRDA:88,11,0,0
BRDA:88,11,1,0
BRDA:107,12,0,0
BRDA:107,12,1,0
BRDA:125,13,0,0
BRDA:125,13,1,0
BRDA:125,14,0,0
BRDA:125,14,1,0
BRDA:125,14,2,0
BRDA:129,15,0,0
BRDA:129,15,1,0
BRDA:129,16,0,0
BRDA:129,16,1,0
BRDA:135,17,0,0
BRDA:135,17,1,0
BRDA:140,18,0,0
BRDA:140,18,1,0
BRDA:144,19,0,0
BRDA:144,19,1,0
BRDA:159,20,0,0
BRDA:159,20,1,0
BRDA:164,21,0,0
BRDA:164,21,1,0
BRDA:171,22,0,0
BRDA:171,22,1,0
BRDA:176,23,0,0
BRDA:176,23,1,0
BRDA:176,24,0,0
BRDA:176,24,1,0
BRDA:178,25,0,0
BRDA:178,25,1,0
BRDA:193,26,0,0
BRDA:193,26,1,0
BRDA:198,27,0,0
BRDA:198,27,1,0
BRDA:200,28,0,0
BRDA:200,28,1,0
BRDA:214,29,0,0
BRDA:214,29,1,0
BRDA:220,30,0,0
BRDA:220,30,1,0
BRDA:220,31,0,0
BRDA:220,31,1,0
BRDA:222,32,0,0
BRDA:222,32,1,0
BRDA:224,33,0,0
BRDA:224,33,1,0
BRDA:230,34,0,0
BRDA:230,34,1,0
BRDA:233,35,0,0
BRDA:233,35,1,0
BRDA:237,36,0,0
BRDA:237,36,1,0
BRDA:257,37,0,0
BRDA:257,37,1,0
BRDA:270,38,0,0
BRDA:270,38,1,0
BRDA:270,39,0,0
BRDA:270,39,1,0
BRDA:273,40,0,0
BRDA:273,40,1,0
BRDA:273,41,0,0
BRDA:273,41,1,0
BRDA:288,42,0,0
BRDA:288,42,1,0
BRDA:292,43,0,0
BRDA:292,43,1,0
BRDA:311,44,0,0
BRDA:324,45,0,0
BRDA:324,45,1,0
BRDA:330,46,0,0
BRDA:330,46,1,0
BRDA:332,47,0,0
BRDA:332,47,1,0
BRDA:346,48,0,0
BRDA:346,48,1,0
BRDA:353,49,0,0
BRDA:353,49,1,0
BRDA:360,50,0,0
BRDA:360,50,1,0
BRDA:375,51,0,0
BRDA:375,51,1,0
BRDA:389,52,0,1
BRDA:389,52,1,0
BRF:106
BRH:2
end_of_record
TN:
SF:social_media_sites\chan.js
FN:15,(anonymous_0)
FN:23,(anonymous_1)
FN:27,(anonymous_2)
FN:38,(anonymous_3)
FN:45,(anonymous_4)
FN:47,(anonymous_5)
FN:54,(anonymous_6)
FN:56,(anonymous_7)
FNF:8
FNH:0
FNDA:0,(anonymous_0)
FNDA:0,(anonymous_1)
FNDA:0,(anonymous_2)
FNDA:0,(anonymous_3)
FNDA:0,(anonymous_4)
FNDA:0,(anonymous_5)
FNDA:0,(anonymous_6)
FNDA:0,(anonymous_7)
DA:1,1
DA:2,1
DA:3,1
DA:4,1
DA:5,1
DA:6,1
DA:7,1
DA:8,1
DA:9,1
DA:10,1
DA:11,1
DA:15,1
DA:16,0
DA:20,1
DA:23,1
DA:24,0
DA:26,0
DA:27,0
DA:28,0
DA:29,0
DA:31,0
DA:34,0
DA:38,1
DA:39,0
DA:40,0
DA:41,0
DA:42,0
DA:43,0
DA:46,0
DA:47,0
DA:48,0
DA:55,0
DA:56,0
DA:57,0
DA:59,0
DA:66,0
DA:69,0
DA:71,0
DA:73,0
DA:107,1
LF:40
LH:16
BRF:0
BRH:0
end_of_record
