{"C:\\Users\\Zeeshan\\OneDrive - University of Pretoria\\Documents\\BIT\\Year 4\\Semester 1\\COS 301\\Projects\\Crypto-Market-Analysis\\server\\app.js": {"path":"C:\\Users\\Zeeshan\\OneDrive - University of Pretoria\\Documents\\BIT\\Year 4\\Semester 1\\COS 301\\Projects\\Crypto-Market-Analysis\\server\\app.js","statementMap":{"0":{"start":{"line":1,"column":16},"end":{"line":1,"column":34}},"1":{"start":{"line":2,"column":12},"end":{"line":2,"column":21}},"2":{"start":{"line":3,"column":15},"end":{"line":3,"column":32}},"3":{"start":{"line":4,"column":19},"end":{"line":4,"column":41}},"4":{"start":{"line":5,"column":15},"end":{"line":5,"column":32}},"5":{"start":{"line":6,"column":0},"end":{"line":6,"column":16}},"6":{"start":{"line":7,"column":19},"end":{"line":7,"column":43}},"7":{"start":{"line":8,"column":21},"end":{"line":8,"column":48}},"8":{"start":{"line":9,"column":20},"end":{"line":9,"column":46}},"9":{"start":{"line":10,"column":18},"end":{"line":10,"column":42}},"10":{"start":{"line":11,"column":23},"end":{"line":11,"column":52}},"11":{"start":{"line":13,"column":0},"end":{"line":13,"column":23}},"12":{"start":{"line":14,"column":0},"end":{"line":14,"column":47}},"13":{"start":{"line":15,"column":0},"end":{"line":15,"column":52}},"14":{"start":{"line":16,"column":0},"end":{"line":16,"column":27}},"15":{"start":{"line":17,"column":0},"end":{"line":28,"column":2}},"16":{"start":{"line":18,"column":4},"end":{"line":18,"column":51}},"17":{"start":{"line":19,"column":4},"end":{"line":22,"column":6}},"18":{"start":{"line":23,"column":4},"end":{"line":26,"column":5}},"19":{"start":{"line":24,"column":8},"end":{"line":24,"column":84}},"20":{"start":{"line":25,"column":8},"end":{"line":25,"column":40}},"21":{"start":{"line":27,"column":4},"end":{"line":27,"column":11}},"22":{"start":{"line":31,"column":0},"end":{"line":31,"column":29}},"23":{"start":{"line":32,"column":0},"end":{"line":32,"column":34}},"24":{"start":{"line":33,"column":0},"end":{"line":33,"column":32}},"25":{"start":{"line":34,"column":0},"end":{"line":34,"column":28}},"26":{"start":{"line":35,"column":0},"end":{"line":35,"column":38}},"27":{"start":{"line":37,"column":0},"end":{"line":41,"column":3}},"28":{"start":{"line":38,"column":18},"end":{"line":38,"column":40}},"29":{"start":{"line":39,"column":4},"end":{"line":39,"column":23}},"30":{"start":{"line":40,"column":4},"end":{"line":40,"column":16}},"31":{"start":{"line":43,"column":0},"end":{"line":50,"column":3}},"32":{"start":{"line":44,"column":4},"end":{"line":44,"column":36}},"33":{"start":{"line":45,"column":4},"end":{"line":49,"column":7}},"34":{"start":{"line":52,"column":0},"end":{"line":52,"column":21}}},"fnMap":{"0":{"name":"(anonymous_0)","decl":{"start":{"line":17,"column":8},"end":{"line":17,"column":9}},"loc":{"start":{"line":17,"column":28},"end":{"line":28,"column":1}},"line":17},"1":{"name":"(anonymous_1)","decl":{"start":{"line":37,"column":8},"end":{"line":37,"column":9}},"loc":{"start":{"line":37,"column":28},"end":{"line":41,"column":1}},"line":37},"2":{"name":"(anonymous_2)","decl":{"start":{"line":43,"column":8},"end":{"line":43,"column":9}},"loc":{"start":{"line":43,"column":35},"end":{"line":50,"column":1}},"line":43}},"branchMap":{"0":{"loc":{"start":{"line":23,"column":4},"end":{"line":26,"column":5}},"type":"if","locations":[{"start":{"line":23,"column":4},"end":{"line":26,"column":5}},{"start":{"line":23,"column":4},"end":{"line":26,"column":5}}],"line":23},"1":{"loc":{"start":{"line":44,"column":15},"end":{"line":44,"column":34}},"type":"binary-expr","locations":[{"start":{"line":44,"column":15},"end":{"line":44,"column":27}},{"start":{"line":44,"column":31},"end":{"line":44,"column":34}}],"line":44}},"s":{"0":1,"1":1,"2":1,"3":1,"4":1,"5":1,"6":1,"7":1,"8":1,"9":1,"10":1,"11":1,"12":1,"13":1,"14":1,"15":1,"16":41,"17":41,"18":41,"19":0,"20":0,"21":41,"22":1,"23":1,"24":1,"25":1,"26":1,"27":1,"28":0,"29":0,"30":0,"31":1,"32":32,"33":32,"34":1},"f":{"0":41,"1":0,"2":32},"b":{"0":[0,41],"1":[32,0]},"_coverageSchema":"1a1c01bbd47fc00a2c39e90264f33305004495a9","hash":"87b7446526f451366871778841146f21bc2f2ed7"}
,"C:\\Users\\Zeeshan\\OneDrive - University of Pretoria\\Documents\\BIT\\Year 4\\Semester 1\\COS 301\\Projects\\Crypto-Market-Analysis\\server\\Hash_Tables\\User_Hash_Table.js": {"path":"C:\\Users\\Zeeshan\\OneDrive - University of Pretoria\\Documents\\BIT\\Year 4\\Semester 1\\COS 301\\Projects\\Crypto-Market-Analysis\\server\\Hash_Tables\\User_Hash_Table.js","statementMap":{"0":{"start":{"line":1,"column":17},"end":{"line":1,"column":48}},"1":{"start":{"line":2,"column":21},"end":{"line":2,"column":49}},"2":{"start":{"line":8,"column":19},"end":{"line":8,"column":24}},"3":{"start":{"line":11,"column":8},"end":{"line":11,"column":25}},"4":{"start":{"line":12,"column":8},"end":{"line":36,"column":11}},"5":{"start":{"line":14,"column":16},"end":{"line":33,"column":17}},"6":{"start":{"line":15,"column":33},"end":{"line":15,"column":52}},"7":{"start":{"line":16,"column":43},"end":{"line":16,"column":45}},"8":{"start":{"line":19,"column":38},"end":{"line":19,"column":40}},"9":{"start":{"line":20,"column":45},"end":{"line":20,"column":47}},"10":{"start":{"line":21,"column":20},"end":{"line":32,"column":21}},"11":{"start":{"line":22,"column":24},"end":{"line":22,"column":46}},"12":{"start":{"line":23,"column":24},"end":{"line":23,"column":51}},"13":{"start":{"line":24,"column":24},"end":{"line":24,"column":61}},"14":{"start":{"line":25,"column":24},"end":{"line":25,"column":61}},"15":{"start":{"line":26,"column":24},"end":{"line":26,"column":75}},"16":{"start":{"line":27,"column":24},"end":{"line":30,"column":25}},"17":{"start":{"line":28,"column":28},"end":{"line":29,"column":77}},"18":{"start":{"line":29,"column":32},"end":{"line":29,"column":77}},"19":{"start":{"line":31,"column":24},"end":{"line":31,"column":97}},"20":{"start":{"line":35,"column":12},"end":{"line":35,"column":33}},"21":{"start":{"line":40,"column":8},"end":{"line":43,"column":9}},"22":{"start":{"line":41,"column":12},"end":{"line":41,"column":29}},"23":{"start":{"line":42,"column":12},"end":{"line":42,"column":37}},"24":{"start":{"line":45,"column":8},"end":{"line":48,"column":62}},"25":{"start":{"line":46,"column":12},"end":{"line":46,"column":34}},"26":{"start":{"line":48,"column":12},"end":{"line":48,"column":62}},"27":{"start":{"line":52,"column":8},"end":{"line":55,"column":9}},"28":{"start":{"line":53,"column":12},"end":{"line":53,"column":29}},"29":{"start":{"line":54,"column":12},"end":{"line":54,"column":37}},"30":{"start":{"line":57,"column":8},"end":{"line":60,"column":62}},"31":{"start":{"line":58,"column":12},"end":{"line":58,"column":38}},"32":{"start":{"line":60,"column":12},"end":{"line":60,"column":62}},"33":{"start":{"line":65,"column":8},"end":{"line":68,"column":9}},"34":{"start":{"line":66,"column":12},"end":{"line":66,"column":29}},"35":{"start":{"line":67,"column":12},"end":{"line":67,"column":37}},"36":{"start":{"line":71,"column":8},"end":{"line":94,"column":62}},"37":{"start":{"line":73,"column":12},"end":{"line":91,"column":63}},"38":{"start":{"line":75,"column":20},"end":{"line":88,"column":87}},"39":{"start":{"line":76,"column":24},"end":{"line":85,"column":25}},"40":{"start":{"line":78,"column":28},"end":{"line":78,"column":86}},"41":{"start":{"line":79,"column":28},"end":{"line":79,"column":90}},"42":{"start":{"line":80,"column":28},"end":{"line":80,"column":100}},"43":{"start":{"line":81,"column":28},"end":{"line":81,"column":57}},"44":{"start":{"line":84,"column":28},"end":{"line":84,"column":63}},"45":{"start":{"line":88,"column":24},"end":{"line":88,"column":87}},"46":{"start":{"line":91,"column":16},"end":{"line":91,"column":63}},"47":{"start":{"line":94,"column":12},"end":{"line":94,"column":62}},"48":{"start":{"line":98,"column":8},"end":{"line":101,"column":9}},"49":{"start":{"line":99,"column":12},"end":{"line":99,"column":29}},"50":{"start":{"line":100,"column":12},"end":{"line":100,"column":37}},"51":{"start":{"line":104,"column":8},"end":{"line":138,"column":62}},"52":{"start":{"line":106,"column":12},"end":{"line":135,"column":63}},"53":{"start":{"line":108,"column":16},"end":{"line":132,"column":66}},"54":{"start":{"line":110,"column":51},"end":{"line":110,"column":86}},"55":{"start":{"line":112,"column":20},"end":{"line":115,"column":21}},"56":{"start":{"line":113,"column":24},"end":{"line":113,"column":68}},"57":{"start":{"line":114,"column":24},"end":{"line":114,"column":86}},"58":{"start":{"line":117,"column":20},"end":{"line":129,"column":85}},"59":{"start":{"line":118,"column":24},"end":{"line":126,"column":25}},"60":{"start":{"line":120,"column":28},"end":{"line":120,"column":72}},"61":{"start":{"line":121,"column":28},"end":{"line":121,"column":102}},"62":{"start":{"line":122,"column":28},"end":{"line":122,"column":57}},"63":{"start":{"line":125,"column":28},"end":{"line":125,"column":63}},"64":{"start":{"line":129,"column":24},"end":{"line":129,"column":85}},"65":{"start":{"line":132,"column":20},"end":{"line":132,"column":66}},"66":{"start":{"line":135,"column":16},"end":{"line":135,"column":63}},"67":{"start":{"line":138,"column":12},"end":{"line":138,"column":62}},"68":{"start":{"line":142,"column":8},"end":{"line":145,"column":9}},"69":{"start":{"line":143,"column":12},"end":{"line":143,"column":29}},"70":{"start":{"line":144,"column":12},"end":{"line":144,"column":37}},"71":{"start":{"line":148,"column":8},"end":{"line":180,"column":62}},"72":{"start":{"line":150,"column":12},"end":{"line":177,"column":63}},"73":{"start":{"line":152,"column":32},"end":{"line":152,"column":72}},"74":{"start":{"line":153,"column":32},"end":{"line":153,"column":59}},"75":{"start":{"line":155,"column":40},"end":{"line":155,"column":68}},"76":{"start":{"line":157,"column":16},"end":{"line":160,"column":17}},"77":{"start":{"line":158,"column":20},"end":{"line":158,"column":57}},"78":{"start":{"line":159,"column":20},"end":{"line":159,"column":69}},"79":{"start":{"line":162,"column":16},"end":{"line":174,"column":88}},"80":{"start":{"line":163,"column":20},"end":{"line":171,"column":21}},"81":{"start":{"line":165,"column":24},"end":{"line":165,"column":60}},"82":{"start":{"line":166,"column":24},"end":{"line":166,"column":90}},"83":{"start":{"line":167,"column":24},"end":{"line":167,"column":53}},"84":{"start":{"line":170,"column":24},"end":{"line":170,"column":59}},"85":{"start":{"line":174,"column":20},"end":{"line":174,"column":88}},"86":{"start":{"line":177,"column":16},"end":{"line":177,"column":63}},"87":{"start":{"line":180,"column":12},"end":{"line":180,"column":62}},"88":{"start":{"line":184,"column":8},"end":{"line":187,"column":9}},"89":{"start":{"line":185,"column":12},"end":{"line":185,"column":29}},"90":{"start":{"line":186,"column":12},"end":{"line":186,"column":37}},"91":{"start":{"line":190,"column":8},"end":{"line":217,"column":62}},"92":{"start":{"line":192,"column":12},"end":{"line":214,"column":63}},"93":{"start":{"line":193,"column":16},"end":{"line":211,"column":17}},"94":{"start":{"line":195,"column":20},"end":{"line":207,"column":91}},"95":{"start":{"line":197,"column":41},"end":{"line":197,"column":87}},"96":{"start":{"line":199,"column":28},"end":{"line":199,"column":82}},"97":{"start":{"line":201,"column":28},"end":{"line":201,"column":88}},"98":{"start":{"line":203,"column":28},"end":{"line":203,"column":91}},"99":{"start":{"line":204,"column":28},"end":{"line":204,"column":57}},"100":{"start":{"line":207,"column":24},"end":{"line":207,"column":91}},"101":{"start":{"line":210,"column":20},"end":{"line":210,"column":49}},"102":{"start":{"line":214,"column":16},"end":{"line":214,"column":63}},"103":{"start":{"line":217,"column":12},"end":{"line":217,"column":62}},"104":{"start":{"line":221,"column":6},"end":{"line":224,"column":9}},"105":{"start":{"line":222,"column":12},"end":{"line":222,"column":29}},"106":{"start":{"line":223,"column":12},"end":{"line":223,"column":37}},"107":{"start":{"line":232,"column":8},"end":{"line":264,"column":62}},"108":{"start":{"line":234,"column":12},"end":{"line":261,"column":63}},"109":{"start":{"line":235,"column":16},"end":{"line":258,"column":17}},"110":{"start":{"line":237,"column":20},"end":{"line":237,"column":74}},"111":{"start":{"line":239,"column":20},"end":{"line":254,"column":93}},"112":{"start":{"line":241,"column":24},"end":{"line":241,"column":71}},"113":{"start":{"line":243,"column":24},"end":{"line":251,"column":99}},"114":{"start":{"line":245,"column":28},"end":{"line":245,"column":63}},"115":{"start":{"line":247,"column":28},"end":{"line":247,"column":98}},"116":{"start":{"line":248,"column":28},"end":{"line":248,"column":40}},"117":{"start":{"line":251,"column":28},"end":{"line":251,"column":99}},"118":{"start":{"line":254,"column":24},"end":{"line":254,"column":93}},"119":{"start":{"line":257,"column":20},"end":{"line":257,"column":49}},"120":{"start":{"line":261,"column":16},"end":{"line":261,"column":63}},"121":{"start":{"line":264,"column":12},"end":{"line":264,"column":62}},"122":{"start":{"line":268,"column":8},"end":{"line":271,"column":9}},"123":{"start":{"line":269,"column":12},"end":{"line":269,"column":29}},"124":{"start":{"line":270,"column":12},"end":{"line":270,"column":37}},"125":{"start":{"line":279,"column":8},"end":{"line":311,"column":62}},"126":{"start":{"line":281,"column":12},"end":{"line":308,"column":63}},"127":{"start":{"line":282,"column":16},"end":{"line":305,"column":17}},"128":{"start":{"line":284,"column":20},"end":{"line":284,"column":88}},"129":{"start":{"line":286,"column":20},"end":{"line":301,"column":98}},"130":{"start":{"line":288,"column":24},"end":{"line":288,"column":79}},"131":{"start":{"line":290,"column":24},"end":{"line":298,"column":109}},"132":{"start":{"line":292,"column":28},"end":{"line":292,"column":70}},"133":{"start":{"line":294,"column":28},"end":{"line":294,"column":106}},"134":{"start":{"line":295,"column":28},"end":{"line":295,"column":57}},"135":{"start":{"line":298,"column":28},"end":{"line":298,"column":109}},"136":{"start":{"line":301,"column":24},"end":{"line":301,"column":98}},"137":{"start":{"line":304,"column":20},"end":{"line":304,"column":49}},"138":{"start":{"line":308,"column":16},"end":{"line":308,"column":63}},"139":{"start":{"line":311,"column":12},"end":{"line":311,"column":62}},"140":{"start":{"line":318,"column":8},"end":{"line":321,"column":9}},"141":{"start":{"line":319,"column":12},"end":{"line":319,"column":29}},"142":{"start":{"line":320,"column":12},"end":{"line":320,"column":37}},"143":{"start":{"line":323,"column":8},"end":{"line":324,"column":36}},"144":{"start":{"line":324,"column":12},"end":{"line":324,"column":36}},"145":{"start":{"line":329,"column":8},"end":{"line":332,"column":9}},"146":{"start":{"line":330,"column":12},"end":{"line":330,"column":29}},"147":{"start":{"line":331,"column":12},"end":{"line":331,"column":37}},"148":{"start":{"line":334,"column":8},"end":{"line":347,"column":24}},"149":{"start":{"line":335,"column":24},"end":{"line":335,"column":40}},"150":{"start":{"line":336,"column":12},"end":{"line":344,"column":28}},"151":{"start":{"line":337,"column":16},"end":{"line":337,"column":47}},"152":{"start":{"line":338,"column":16},"end":{"line":341,"column":31}},"153":{"start":{"line":339,"column":20},"end":{"line":339,"column":46}},"154":{"start":{"line":341,"column":20},"end":{"line":341,"column":31}},"155":{"start":{"line":344,"column":16},"end":{"line":344,"column":28}},"156":{"start":{"line":347,"column":12},"end":{"line":347,"column":24}},"157":{"start":{"line":351,"column":8},"end":{"line":354,"column":9}},"158":{"start":{"line":352,"column":12},"end":{"line":352,"column":29}},"159":{"start":{"line":353,"column":12},"end":{"line":353,"column":37}},"160":{"start":{"line":356,"column":8},"end":{"line":369,"column":63}},"161":{"start":{"line":357,"column":24},"end":{"line":357,"column":40}},"162":{"start":{"line":358,"column":12},"end":{"line":366,"column":63}},"163":{"start":{"line":359,"column":16},"end":{"line":359,"column":47}},"164":{"start":{"line":360,"column":16},"end":{"line":363,"column":93}},"165":{"start":{"line":361,"column":20},"end":{"line":361,"column":48}},"166":{"start":{"line":363,"column":20},"end":{"line":363,"column":93}},"167":{"start":{"line":366,"column":16},"end":{"line":366,"column":63}},"168":{"start":{"line":369,"column":12},"end":{"line":369,"column":63}},"169":{"start":{"line":373,"column":8},"end":{"line":376,"column":9}},"170":{"start":{"line":374,"column":12},"end":{"line":374,"column":29}},"171":{"start":{"line":375,"column":12},"end":{"line":375,"column":37}},"172":{"start":{"line":378,"column":8},"end":{"line":387,"column":64}},"173":{"start":{"line":379,"column":12},"end":{"line":384,"column":63}},"174":{"start":{"line":380,"column":31},"end":{"line":380,"column":82}},"175":{"start":{"line":381,"column":16},"end":{"line":381,"column":73}},"176":{"start":{"line":381,"column":48},"end":{"line":381,"column":71}},"177":{"start":{"line":384,"column":16},"end":{"line":384,"column":63}},"178":{"start":{"line":387,"column":12},"end":{"line":387,"column":64}},"179":{"start":{"line":391,"column":8},"end":{"line":394,"column":9}},"180":{"start":{"line":392,"column":12},"end":{"line":392,"column":29}},"181":{"start":{"line":393,"column":12},"end":{"line":393,"column":37}},"182":{"start":{"line":396,"column":8},"end":{"line":399,"column":24}},"183":{"start":{"line":397,"column":12},"end":{"line":397,"column":44}},"184":{"start":{"line":399,"column":12},"end":{"line":399,"column":24}},"185":{"start":{"line":403,"column":8},"end":{"line":406,"column":9}},"186":{"start":{"line":404,"column":12},"end":{"line":404,"column":29}},"187":{"start":{"line":405,"column":12},"end":{"line":405,"column":37}},"188":{"start":{"line":408,"column":8},"end":{"line":408,"column":27}},"189":{"start":{"line":412,"column":8},"end":{"line":415,"column":9}},"190":{"start":{"line":413,"column":12},"end":{"line":413,"column":29}},"191":{"start":{"line":414,"column":12},"end":{"line":414,"column":37}},"192":{"start":{"line":417,"column":8},"end":{"line":430,"column":24}},"193":{"start":{"line":418,"column":24},"end":{"line":418,"column":40}},"194":{"start":{"line":419,"column":12},"end":{"line":427,"column":28}},"195":{"start":{"line":420,"column":16},"end":{"line":420,"column":42}},"196":{"start":{"line":421,"column":16},"end":{"line":424,"column":31}},"197":{"start":{"line":422,"column":20},"end":{"line":422,"column":33}},"198":{"start":{"line":424,"column":20},"end":{"line":424,"column":31}},"199":{"start":{"line":427,"column":16},"end":{"line":427,"column":28}},"200":{"start":{"line":430,"column":12},"end":{"line":430,"column":24}},"201":{"start":{"line":434,"column":8},"end":{"line":437,"column":9}},"202":{"start":{"line":435,"column":12},"end":{"line":435,"column":29}},"203":{"start":{"line":436,"column":12},"end":{"line":436,"column":37}},"204":{"start":{"line":439,"column":8},"end":{"line":452,"column":62}},"205":{"start":{"line":440,"column":24},"end":{"line":440,"column":40}},"206":{"start":{"line":441,"column":12},"end":{"line":449,"column":63}},"207":{"start":{"line":442,"column":16},"end":{"line":442,"column":49}},"208":{"start":{"line":443,"column":16},"end":{"line":446,"column":90}},"209":{"start":{"line":444,"column":20},"end":{"line":444,"column":33}},"210":{"start":{"line":446,"column":20},"end":{"line":446,"column":90}},"211":{"start":{"line":449,"column":16},"end":{"line":449,"column":63}},"212":{"start":{"line":452,"column":12},"end":{"line":452,"column":62}},"213":{"start":{"line":458,"column":8},"end":{"line":461,"column":9}},"214":{"start":{"line":459,"column":12},"end":{"line":459,"column":29}},"215":{"start":{"line":460,"column":12},"end":{"line":460,"column":37}},"216":{"start":{"line":463,"column":8},"end":{"line":479,"column":64}},"217":{"start":{"line":464,"column":27},"end":{"line":464,"column":49}},"218":{"start":{"line":467,"column":28},"end":{"line":467,"column":30}},"219":{"start":{"line":468,"column":12},"end":{"line":475,"column":13}},"220":{"start":{"line":469,"column":16},"end":{"line":469,"column":75}},"221":{"start":{"line":470,"column":16},"end":{"line":474,"column":17}},"222":{"start":{"line":471,"column":20},"end":{"line":471,"column":71}},"223":{"start":{"line":472,"column":20},"end":{"line":473,"column":46}},"224":{"start":{"line":473,"column":24},"end":{"line":473,"column":46}},"225":{"start":{"line":476,"column":12},"end":{"line":476,"column":29}},"226":{"start":{"line":479,"column":12},"end":{"line":479,"column":64}},"227":{"start":{"line":483,"column":8},"end":{"line":486,"column":9}},"228":{"start":{"line":484,"column":12},"end":{"line":484,"column":29}},"229":{"start":{"line":485,"column":12},"end":{"line":485,"column":37}},"230":{"start":{"line":488,"column":23},"end":{"line":488,"column":68}},"231":{"start":{"line":489,"column":8},"end":{"line":490,"column":24}},"232":{"start":{"line":490,"column":12},"end":{"line":490,"column":24}},"233":{"start":{"line":491,"column":8},"end":{"line":491,"column":21}},"234":{"start":{"line":495,"column":8},"end":{"line":498,"column":9}},"235":{"start":{"line":496,"column":12},"end":{"line":496,"column":29}},"236":{"start":{"line":497,"column":12},"end":{"line":497,"column":37}},"237":{"start":{"line":501,"column":23},"end":{"line":501,"column":45}},"238":{"start":{"line":503,"column":22},"end":{"line":503,"column":24}},"239":{"start":{"line":505,"column":26},"end":{"line":505,"column":28}},"240":{"start":{"line":507,"column":8},"end":{"line":513,"column":9}},"241":{"start":{"line":508,"column":12},"end":{"line":508,"column":58}},"242":{"start":{"line":509,"column":12},"end":{"line":512,"column":13}},"243":{"start":{"line":510,"column":16},"end":{"line":511,"column":38}},"244":{"start":{"line":511,"column":20},"end":{"line":511,"column":38}},"245":{"start":{"line":516,"column":21},"end":{"line":516,"column":41}},"246":{"start":{"line":517,"column":8},"end":{"line":518,"column":24}},"247":{"start":{"line":518,"column":12},"end":{"line":518,"column":24}},"248":{"start":{"line":525,"column":8},"end":{"line":527,"column":9}},"249":{"start":{"line":526,"column":12},"end":{"line":526,"column":55}},"250":{"start":{"line":531,"column":8},"end":{"line":531,"column":34}},"251":{"start":{"line":535,"column":0},"end":{"line":535,"column":27}}},"fnMap":{"0":{"name":"(anonymous_0)","decl":{"start":{"line":10,"column":4},"end":{"line":10,"column":5}},"loc":{"start":{"line":10,"column":18},"end":{"line":37,"column":5}},"line":10},"1":{"name":"(anonymous_1)","decl":{"start":{"line":13,"column":18},"end":{"line":13,"column":19}},"loc":{"start":{"line":13,"column":36},"end":{"line":34,"column":9}},"line":13},"2":{"name":"(anonymous_2)","decl":{"start":{"line":34,"column":17},"end":{"line":34,"column":18}},"loc":{"start":{"line":34,"column":28},"end":{"line":36,"column":9}},"line":34},"3":{"name":"(anonymous_3)","decl":{"start":{"line":39,"column":4},"end":{"line":39,"column":5}},"loc":{"start":{"line":39,"column":25},"end":{"line":49,"column":5}},"line":39},"4":{"name":"(anonymous_4)","decl":{"start":{"line":51,"column":4},"end":{"line":51,"column":5}},"loc":{"start":{"line":51,"column":25},"end":{"line":62,"column":5}},"line":51},"5":{"name":"(anonymous_5)","decl":{"start":{"line":64,"column":4},"end":{"line":64,"column":5}},"loc":{"start":{"line":64,"column":48},"end":{"line":95,"column":5}},"line":64},"6":{"name":"(anonymous_6)","decl":{"start":{"line":97,"column":4},"end":{"line":97,"column":5}},"loc":{"start":{"line":97,"column":50},"end":{"line":139,"column":5}},"line":97},"7":{"name":"(anonymous_7)","decl":{"start":{"line":141,"column":4},"end":{"line":141,"column":5}},"loc":{"start":{"line":141,"column":44},"end":{"line":181,"column":5}},"line":141},"8":{"name":"(anonymous_8)","decl":{"start":{"line":183,"column":4},"end":{"line":183,"column":5}},"loc":{"start":{"line":183,"column":37},"end":{"line":218,"column":5}},"line":183},"9":{"name":"(anonymous_9)","decl":{"start":{"line":220,"column":4},"end":{"line":220,"column":5}},"loc":{"start":{"line":220,"column":46},"end":{"line":265,"column":5}},"line":220},"10":{"name":"(anonymous_10)","decl":{"start":{"line":267,"column":4},"end":{"line":267,"column":5}},"loc":{"start":{"line":267,"column":52},"end":{"line":312,"column":5}},"line":267},"11":{"name":"(anonymous_11)","decl":{"start":{"line":317,"column":4},"end":{"line":317,"column":5}},"loc":{"start":{"line":317,"column":24},"end":{"line":326,"column":5}},"line":317},"12":{"name":"(anonymous_12)","decl":{"start":{"line":328,"column":4},"end":{"line":328,"column":5}},"loc":{"start":{"line":328,"column":24},"end":{"line":348,"column":5}},"line":328},"13":{"name":"(anonymous_13)","decl":{"start":{"line":350,"column":4},"end":{"line":350,"column":5}},"loc":{"start":{"line":350,"column":28},"end":{"line":370,"column":5}},"line":350},"14":{"name":"(anonymous_14)","decl":{"start":{"line":372,"column":4},"end":{"line":372,"column":5}},"loc":{"start":{"line":372,"column":44},"end":{"line":388,"column":5}},"line":372},"15":{"name":"(anonymous_15)","decl":{"start":{"line":381,"column":37},"end":{"line":381,"column":38}},"loc":{"start":{"line":381,"column":48},"end":{"line":381,"column":71}},"line":381},"16":{"name":"(anonymous_16)","decl":{"start":{"line":390,"column":4},"end":{"line":390,"column":5}},"loc":{"start":{"line":390,"column":21},"end":{"line":400,"column":5}},"line":390},"17":{"name":"(anonymous_17)","decl":{"start":{"line":402,"column":4},"end":{"line":402,"column":5}},"loc":{"start":{"line":402,"column":20},"end":{"line":409,"column":5}},"line":402},"18":{"name":"(anonymous_18)","decl":{"start":{"line":411,"column":4},"end":{"line":411,"column":5}},"loc":{"start":{"line":411,"column":28},"end":{"line":431,"column":5}},"line":411},"19":{"name":"(anonymous_19)","decl":{"start":{"line":433,"column":4},"end":{"line":433,"column":5}},"loc":{"start":{"line":433,"column":34},"end":{"line":453,"column":5}},"line":433},"20":{"name":"(anonymous_20)","decl":{"start":{"line":457,"column":4},"end":{"line":457,"column":5}},"loc":{"start":{"line":457,"column":66},"end":{"line":480,"column":5}},"line":457},"21":{"name":"(anonymous_21)","decl":{"start":{"line":482,"column":4},"end":{"line":482,"column":5}},"loc":{"start":{"line":482,"column":46},"end":{"line":492,"column":5}},"line":482},"22":{"name":"(anonymous_22)","decl":{"start":{"line":494,"column":4},"end":{"line":494,"column":5}},"loc":{"start":{"line":494,"column":30},"end":{"line":519,"column":5}},"line":494},"23":{"name":"(anonymous_23)","decl":{"start":{"line":524,"column":4},"end":{"line":524,"column":5}},"loc":{"start":{"line":524,"column":18},"end":{"line":528,"column":5}},"line":524},"24":{"name":"(anonymous_24)","decl":{"start":{"line":530,"column":4},"end":{"line":530,"column":5}},"loc":{"start":{"line":530,"column":18},"end":{"line":532,"column":5}},"line":530}},"branchMap":{"0":{"loc":{"start":{"line":14,"column":16},"end":{"line":33,"column":17}},"type":"if","locations":[{"start":{"line":14,"column":16},"end":{"line":33,"column":17}},{"start":{"line":14,"column":16},"end":{"line":33,"column":17}}],"line":14},"1":{"loc":{"start":{"line":27,"column":24},"end":{"line":30,"column":25}},"type":"if","locations":[{"start":{"line":27,"column":24},"end":{"line":30,"column":25}},{"start":{"line":27,"column":24},"end":{"line":30,"column":25}}],"line":27},"2":{"loc":{"start":{"line":40,"column":8},"end":{"line":43,"column":9}},"type":"if","locations":[{"start":{"line":40,"column":8},"end":{"line":43,"column":9}},{"start":{"line":40,"column":8},"end":{"line":43,"column":9}}],"line":40},"3":{"loc":{"start":{"line":45,"column":8},"end":{"line":48,"column":62}},"type":"if","locations":[{"start":{"line":45,"column":8},"end":{"line":48,"column":62}},{"start":{"line":45,"column":8},"end":{"line":48,"column":62}}],"line":45},"4":{"loc":{"start":{"line":52,"column":8},"end":{"line":55,"column":9}},"type":"if","locations":[{"start":{"line":52,"column":8},"end":{"line":55,"column":9}},{"start":{"line":52,"column":8},"end":{"line":55,"column":9}}],"line":52},"5":{"loc":{"start":{"line":57,"column":8},"end":{"line":60,"column":62}},"type":"if","locations":[{"start":{"line":57,"column":8},"end":{"line":60,"column":62}},{"start":{"line":57,"column":8},"end":{"line":60,"column":62}}],"line":57},"6":{"loc":{"start":{"line":65,"column":8},"end":{"line":68,"column":9}},"type":"if","locations":[{"start":{"line":65,"column":8},"end":{"line":68,"column":9}},{"start":{"line":65,"column":8},"end":{"line":68,"column":9}}],"line":65},"7":{"loc":{"start":{"line":71,"column":8},"end":{"line":94,"column":62}},"type":"if","locations":[{"start":{"line":71,"column":8},"end":{"line":94,"column":62}},{"start":{"line":71,"column":8},"end":{"line":94,"column":62}}],"line":71},"8":{"loc":{"start":{"line":71,"column":11},"end":{"line":71,"column":39}},"type":"binary-expr","locations":[{"start":{"line":71,"column":11},"end":{"line":71,"column":14}},{"start":{"line":71,"column":18},"end":{"line":71,"column":24}},{"start":{"line":71,"column":28},"end":{"line":71,"column":39}}],"line":71},"9":{"loc":{"start":{"line":73,"column":12},"end":{"line":91,"column":63}},"type":"if","locations":[{"start":{"line":73,"column":12},"end":{"line":91,"column":63}},{"start":{"line":73,"column":12},"end":{"line":91,"column":63}}],"line":73},"10":{"loc":{"start":{"line":75,"column":20},"end":{"line":88,"column":87}},"type":"if","locations":[{"start":{"line":75,"column":20},"end":{"line":88,"column":87}},{"start":{"line":75,"column":20},"end":{"line":88,"column":87}}],"line":75},"11":{"loc":{"start":{"line":75,"column":23},"end":{"line":75,"column":109}},"type":"binary-expr","locations":[{"start":{"line":75,"column":23},"end":{"line":75,"column":60}},{"start":{"line":75,"column":64},"end":{"line":75,"column":109}}],"line":75},"12":{"loc":{"start":{"line":98,"column":8},"end":{"line":101,"column":9}},"type":"if","locations":[{"start":{"line":98,"column":8},"end":{"line":101,"column":9}},{"start":{"line":98,"column":8},"end":{"line":101,"column":9}}],"line":98},"13":{"loc":{"start":{"line":104,"column":8},"end":{"line":138,"column":62}},"type":"if","locations":[{"start":{"line":104,"column":8},"end":{"line":138,"column":62}},{"start":{"line":104,"column":8},"end":{"line":138,"column":62}}],"line":104},"14":{"loc":{"start":{"line":104,"column":11},"end":{"line":104,"column":30}},"type":"binary-expr","locations":[{"start":{"line":104,"column":11},"end":{"line":104,"column":14}},{"start":{"line":104,"column":18},"end":{"line":104,"column":30}}],"line":104},"15":{"loc":{"start":{"line":106,"column":12},"end":{"line":135,"column":63}},"type":"if","locations":[{"start":{"line":106,"column":12},"end":{"line":135,"column":63}},{"start":{"line":106,"column":12},"end":{"line":135,"column":63}}],"line":106},"16":{"loc":{"start":{"line":108,"column":16},"end":{"line":132,"column":66}},"type":"if","locations":[{"start":{"line":108,"column":16},"end":{"line":132,"column":66}},{"start":{"line":108,"column":16},"end":{"line":132,"column":66}}],"line":108},"17":{"loc":{"start":{"line":108,"column":19},"end":{"line":108,"column":102}},"type":"binary-expr","locations":[{"start":{"line":108,"column":19},"end":{"line":108,"column":45}},{"start":{"line":108,"column":49},"end":{"line":108,"column":74}},{"start":{"line":108,"column":78},"end":{"line":108,"column":102}}],"line":108},"18":{"loc":{"start":{"line":112,"column":20},"end":{"line":115,"column":21}},"type":"if","locations":[{"start":{"line":112,"column":20},"end":{"line":115,"column":21}},{"start":{"line":112,"column":20},"end":{"line":115,"column":21}}],"line":112},"19":{"loc":{"start":{"line":117,"column":20},"end":{"line":129,"column":85}},"type":"if","locations":[{"start":{"line":117,"column":20},"end":{"line":129,"column":85}},{"start":{"line":117,"column":20},"end":{"line":129,"column":85}}],"line":117},"20":{"loc":{"start":{"line":142,"column":8},"end":{"line":145,"column":9}},"type":"if","locations":[{"start":{"line":142,"column":8},"end":{"line":145,"column":9}},{"start":{"line":142,"column":8},"end":{"line":145,"column":9}}],"line":142},"21":{"loc":{"start":{"line":148,"column":8},"end":{"line":180,"column":62}},"type":"if","locations":[{"start":{"line":148,"column":8},"end":{"line":180,"column":62}},{"start":{"line":148,"column":8},"end":{"line":180,"column":62}}],"line":148},"22":{"loc":{"start":{"line":148,"column":11},"end":{"line":148,"column":29}},"type":"binary-expr","locations":[{"start":{"line":148,"column":11},"end":{"line":148,"column":14}},{"start":{"line":148,"column":18},"end":{"line":148,"column":29}}],"line":148},"23":{"loc":{"start":{"line":150,"column":12},"end":{"line":177,"column":63}},"type":"if","locations":[{"start":{"line":150,"column":12},"end":{"line":177,"column":63}},{"start":{"line":150,"column":12},"end":{"line":177,"column":63}}],"line":150},"24":{"loc":{"start":{"line":157,"column":16},"end":{"line":160,"column":17}},"type":"if","locations":[{"start":{"line":157,"column":16},"end":{"line":160,"column":17}},{"start":{"line":157,"column":16},"end":{"line":160,"column":17}}],"line":157},"25":{"loc":{"start":{"line":162,"column":16},"end":{"line":174,"column":88}},"type":"if","locations":[{"start":{"line":162,"column":16},"end":{"line":174,"column":88}},{"start":{"line":162,"column":16},"end":{"line":174,"column":88}}],"line":162},"26":{"loc":{"start":{"line":184,"column":8},"end":{"line":187,"column":9}},"type":"if","locations":[{"start":{"line":184,"column":8},"end":{"line":187,"column":9}},{"start":{"line":184,"column":8},"end":{"line":187,"column":9}}],"line":184},"27":{"loc":{"start":{"line":190,"column":8},"end":{"line":217,"column":62}},"type":"if","locations":[{"start":{"line":190,"column":8},"end":{"line":217,"column":62}},{"start":{"line":190,"column":8},"end":{"line":217,"column":62}}],"line":190},"28":{"loc":{"start":{"line":190,"column":11},"end":{"line":190,"column":26}},"type":"binary-expr","locations":[{"start":{"line":190,"column":11},"end":{"line":190,"column":16}},{"start":{"line":190,"column":20},"end":{"line":190,"column":26}}],"line":190},"29":{"loc":{"start":{"line":192,"column":12},"end":{"line":214,"column":63}},"type":"if","locations":[{"start":{"line":192,"column":12},"end":{"line":214,"column":63}},{"start":{"line":192,"column":12},"end":{"line":214,"column":63}}],"line":192},"30":{"loc":{"start":{"line":195,"column":20},"end":{"line":207,"column":91}},"type":"if","locations":[{"start":{"line":195,"column":20},"end":{"line":207,"column":91}},{"start":{"line":195,"column":20},"end":{"line":207,"column":91}}],"line":195},"31":{"loc":{"start":{"line":195,"column":23},"end":{"line":195,"column":111}},"type":"binary-expr","locations":[{"start":{"line":195,"column":23},"end":{"line":195,"column":61}},{"start":{"line":195,"column":65},"end":{"line":195,"column":111}}],"line":195},"32":{"loc":{"start":{"line":221,"column":6},"end":{"line":224,"column":9}},"type":"if","locations":[{"start":{"line":221,"column":6},"end":{"line":224,"column":9}},{"start":{"line":221,"column":6},"end":{"line":224,"column":9}}],"line":221},"33":{"loc":{"start":{"line":232,"column":8},"end":{"line":264,"column":62}},"type":"if","locations":[{"start":{"line":232,"column":8},"end":{"line":264,"column":62}},{"start":{"line":232,"column":8},"end":{"line":264,"column":62}}],"line":232},"34":{"loc":{"start":{"line":232,"column":11},"end":{"line":232,"column":31}},"type":"binary-expr","locations":[{"start":{"line":232,"column":11},"end":{"line":232,"column":16}},{"start":{"line":232,"column":20},"end":{"line":232,"column":31}}],"line":232},"35":{"loc":{"start":{"line":234,"column":12},"end":{"line":261,"column":63}},"type":"if","locations":[{"start":{"line":234,"column":12},"end":{"line":261,"column":63}},{"start":{"line":234,"column":12},"end":{"line":261,"column":63}}],"line":234},"36":{"loc":{"start":{"line":239,"column":20},"end":{"line":254,"column":93}},"type":"if","locations":[{"start":{"line":239,"column":20},"end":{"line":254,"column":93}},{"start":{"line":239,"column":20},"end":{"line":254,"column":93}}],"line":239},"37":{"loc":{"start":{"line":243,"column":24},"end":{"line":251,"column":99}},"type":"if","locations":[{"start":{"line":243,"column":24},"end":{"line":251,"column":99}},{"start":{"line":243,"column":24},"end":{"line":251,"column":99}}],"line":243},"38":{"loc":{"start":{"line":268,"column":8},"end":{"line":271,"column":9}},"type":"if","locations":[{"start":{"line":268,"column":8},"end":{"line":271,"column":9}},{"start":{"line":268,"column":8},"end":{"line":271,"column":9}}],"line":268},"39":{"loc":{"start":{"line":279,"column":8},"end":{"line":311,"column":62}},"type":"if","locations":[{"start":{"line":279,"column":8},"end":{"line":311,"column":62}},{"start":{"line":279,"column":8},"end":{"line":311,"column":62}}],"line":279},"40":{"loc":{"start":{"line":279,"column":11},"end":{"line":279,"column":32}},"type":"binary-expr","locations":[{"start":{"line":279,"column":11},"end":{"line":279,"column":16}},{"start":{"line":279,"column":20},"end":{"line":279,"column":32}}],"line":279},"41":{"loc":{"start":{"line":281,"column":12},"end":{"line":308,"column":63}},"type":"if","locations":[{"start":{"line":281,"column":12},"end":{"line":308,"column":63}},{"start":{"line":281,"column":12},"end":{"line":308,"column":63}}],"line":281},"42":{"loc":{"start":{"line":286,"column":20},"end":{"line":301,"column":98}},"type":"if","locations":[{"start":{"line":286,"column":20},"end":{"line":301,"column":98}},{"start":{"line":286,"column":20},"end":{"line":301,"column":98}}],"line":286},"43":{"loc":{"start":{"line":290,"column":24},"end":{"line":298,"column":109}},"type":"if","locations":[{"start":{"line":290,"column":24},"end":{"line":298,"column":109}},{"start":{"line":290,"column":24},"end":{"line":298,"column":109}}],"line":290},"44":{"loc":{"start":{"line":318,"column":8},"end":{"line":321,"column":9}},"type":"if","locations":[{"start":{"line":318,"column":8},"end":{"line":321,"column":9}},{"start":{"line":318,"column":8},"end":{"line":321,"column":9}}],"line":318},"45":{"loc":{"start":{"line":323,"column":8},"end":{"line":324,"column":36}},"type":"if","locations":[{"start":{"line":323,"column":8},"end":{"line":324,"column":36}},{"start":{"line":323,"column":8},"end":{"line":324,"column":36}}],"line":323},"46":{"loc":{"start":{"line":329,"column":8},"end":{"line":332,"column":9}},"type":"if","locations":[{"start":{"line":329,"column":8},"end":{"line":332,"column":9}},{"start":{"line":329,"column":8},"end":{"line":332,"column":9}}],"line":329},"47":{"loc":{"start":{"line":334,"column":8},"end":{"line":347,"column":24}},"type":"if","locations":[{"start":{"line":334,"column":8},"end":{"line":347,"column":24}},{"start":{"line":334,"column":8},"end":{"line":347,"column":24}}],"line":334},"48":{"loc":{"start":{"line":336,"column":12},"end":{"line":344,"column":28}},"type":"if","locations":[{"start":{"line":336,"column":12},"end":{"line":344,"column":28}},{"start":{"line":336,"column":12},"end":{"line":344,"column":28}}],"line":336},"49":{"loc":{"start":{"line":338,"column":16},"end":{"line":341,"column":31}},"type":"if","locations":[{"start":{"line":338,"column":16},"end":{"line":341,"column":31}},{"start":{"line":338,"column":16},"end":{"line":341,"column":31}}],"line":338},"50":{"loc":{"start":{"line":351,"column":8},"end":{"line":354,"column":9}},"type":"if","locations":[{"start":{"line":351,"column":8},"end":{"line":354,"column":9}},{"start":{"line":351,"column":8},"end":{"line":354,"column":9}}],"line":351},"51":{"loc":{"start":{"line":356,"column":8},"end":{"line":369,"column":63}},"type":"if","locations":[{"start":{"line":356,"column":8},"end":{"line":369,"column":63}},{"start":{"line":356,"column":8},"end":{"line":369,"column":63}}],"line":356},"52":{"loc":{"start":{"line":358,"column":12},"end":{"line":366,"column":63}},"type":"if","locations":[{"start":{"line":358,"column":12},"end":{"line":366,"column":63}},{"start":{"line":358,"column":12},"end":{"line":366,"column":63}}],"line":358},"53":{"loc":{"start":{"line":360,"column":16},"end":{"line":363,"column":93}},"type":"if","locations":[{"start":{"line":360,"column":16},"end":{"line":363,"column":93}},{"start":{"line":360,"column":16},"end":{"line":363,"column":93}}],"line":360},"54":{"loc":{"start":{"line":373,"column":8},"end":{"line":376,"column":9}},"type":"if","locations":[{"start":{"line":373,"column":8},"end":{"line":376,"column":9}},{"start":{"line":373,"column":8},"end":{"line":376,"column":9}}],"line":373},"55":{"loc":{"start":{"line":378,"column":8},"end":{"line":387,"column":64}},"type":"if","locations":[{"start":{"line":378,"column":8},"end":{"line":387,"column":64}},{"start":{"line":378,"column":8},"end":{"line":387,"column":64}}],"line":378},"56":{"loc":{"start":{"line":378,"column":11},"end":{"line":378,"column":29}},"type":"binary-expr","locations":[{"start":{"line":378,"column":11},"end":{"line":378,"column":14}},{"start":{"line":378,"column":18},"end":{"line":378,"column":29}}],"line":378},"57":{"loc":{"start":{"line":379,"column":12},"end":{"line":384,"column":63}},"type":"if","locations":[{"start":{"line":379,"column":12},"end":{"line":384,"column":63}},{"start":{"line":379,"column":12},"end":{"line":384,"column":63}}],"line":379},"58":{"loc":{"start":{"line":391,"column":8},"end":{"line":394,"column":9}},"type":"if","locations":[{"start":{"line":391,"column":8},"end":{"line":394,"column":9}},{"start":{"line":391,"column":8},"end":{"line":394,"column":9}}],"line":391},"59":{"loc":{"start":{"line":396,"column":8},"end":{"line":399,"column":24}},"type":"if","locations":[{"start":{"line":396,"column":8},"end":{"line":399,"column":24}},{"start":{"line":396,"column":8},"end":{"line":399,"column":24}}],"line":396},"60":{"loc":{"start":{"line":403,"column":8},"end":{"line":406,"column":9}},"type":"if","locations":[{"start":{"line":403,"column":8},"end":{"line":406,"column":9}},{"start":{"line":403,"column":8},"end":{"line":406,"column":9}}],"line":403},"61":{"loc":{"start":{"line":412,"column":8},"end":{"line":415,"column":9}},"type":"if","locations":[{"start":{"line":412,"column":8},"end":{"line":415,"column":9}},{"start":{"line":412,"column":8},"end":{"line":415,"column":9}}],"line":412},"62":{"loc":{"start":{"line":417,"column":8},"end":{"line":430,"column":24}},"type":"if","locations":[{"start":{"line":417,"column":8},"end":{"line":430,"column":24}},{"start":{"line":417,"column":8},"end":{"line":430,"column":24}}],"line":417},"63":{"loc":{"start":{"line":419,"column":12},"end":{"line":427,"column":28}},"type":"if","locations":[{"start":{"line":419,"column":12},"end":{"line":427,"column":28}},{"start":{"line":419,"column":12},"end":{"line":427,"column":28}}],"line":419},"64":{"loc":{"start":{"line":421,"column":16},"end":{"line":424,"column":31}},"type":"if","locations":[{"start":{"line":421,"column":16},"end":{"line":424,"column":31}},{"start":{"line":421,"column":16},"end":{"line":424,"column":31}}],"line":421},"65":{"loc":{"start":{"line":434,"column":8},"end":{"line":437,"column":9}},"type":"if","locations":[{"start":{"line":434,"column":8},"end":{"line":437,"column":9}},{"start":{"line":434,"column":8},"end":{"line":437,"column":9}}],"line":434},"66":{"loc":{"start":{"line":439,"column":8},"end":{"line":452,"column":62}},"type":"if","locations":[{"start":{"line":439,"column":8},"end":{"line":452,"column":62}},{"start":{"line":439,"column":8},"end":{"line":452,"column":62}}],"line":439},"67":{"loc":{"start":{"line":441,"column":12},"end":{"line":449,"column":63}},"type":"if","locations":[{"start":{"line":441,"column":12},"end":{"line":449,"column":63}},{"start":{"line":441,"column":12},"end":{"line":449,"column":63}}],"line":441},"68":{"loc":{"start":{"line":443,"column":16},"end":{"line":446,"column":90}},"type":"if","locations":[{"start":{"line":443,"column":16},"end":{"line":446,"column":90}},{"start":{"line":443,"column":16},"end":{"line":446,"column":90}}],"line":443},"69":{"loc":{"start":{"line":458,"column":8},"end":{"line":461,"column":9}},"type":"if","locations":[{"start":{"line":458,"column":8},"end":{"line":461,"column":9}},{"start":{"line":458,"column":8},"end":{"line":461,"column":9}}],"line":458},"70":{"loc":{"start":{"line":463,"column":8},"end":{"line":479,"column":64}},"type":"if","locations":[{"start":{"line":463,"column":8},"end":{"line":479,"column":64}},{"start":{"line":463,"column":8},"end":{"line":479,"column":64}}],"line":463},"71":{"loc":{"start":{"line":463,"column":11},"end":{"line":463,"column":41}},"type":"binary-expr","locations":[{"start":{"line":463,"column":11},"end":{"line":463,"column":23}},{"start":{"line":463,"column":27},"end":{"line":463,"column":41}}],"line":463},"72":{"loc":{"start":{"line":470,"column":16},"end":{"line":474,"column":17}},"type":"if","locations":[{"start":{"line":470,"column":16},"end":{"line":474,"column":17}},{"start":{"line":470,"column":16},"end":{"line":474,"column":17}}],"line":470},"73":{"loc":{"start":{"line":470,"column":19},"end":{"line":470,"column":82}},"type":"binary-expr","locations":[{"start":{"line":470,"column":19},"end":{"line":470,"column":37}},{"start":{"line":470,"column":41},"end":{"line":470,"column":82}}],"line":470},"74":{"loc":{"start":{"line":472,"column":20},"end":{"line":473,"column":46}},"type":"if","locations":[{"start":{"line":472,"column":20},"end":{"line":473,"column":46}},{"start":{"line":472,"column":20},"end":{"line":473,"column":46}}],"line":472},"75":{"loc":{"start":{"line":472,"column":23},"end":{"line":472,"column":84}},"type":"binary-expr","locations":[{"start":{"line":472,"column":23},"end":{"line":472,"column":39}},{"start":{"line":472,"column":43},"end":{"line":472,"column":84}}],"line":472},"76":{"loc":{"start":{"line":483,"column":8},"end":{"line":486,"column":9}},"type":"if","locations":[{"start":{"line":483,"column":8},"end":{"line":486,"column":9}},{"start":{"line":483,"column":8},"end":{"line":486,"column":9}}],"line":483},"77":{"loc":{"start":{"line":489,"column":8},"end":{"line":490,"column":24}},"type":"if","locations":[{"start":{"line":489,"column":8},"end":{"line":490,"column":24}},{"start":{"line":489,"column":8},"end":{"line":490,"column":24}}],"line":489},"78":{"loc":{"start":{"line":489,"column":11},"end":{"line":489,"column":53}},"type":"binary-expr","locations":[{"start":{"line":489,"column":11},"end":{"line":489,"column":17}},{"start":{"line":489,"column":21},"end":{"line":489,"column":53}}],"line":489},"79":{"loc":{"start":{"line":495,"column":8},"end":{"line":498,"column":9}},"type":"if","locations":[{"start":{"line":495,"column":8},"end":{"line":498,"column":9}},{"start":{"line":495,"column":8},"end":{"line":498,"column":9}}],"line":495},"80":{"loc":{"start":{"line":510,"column":16},"end":{"line":511,"column":38}},"type":"if","locations":[{"start":{"line":510,"column":16},"end":{"line":511,"column":38}},{"start":{"line":510,"column":16},"end":{"line":511,"column":38}}],"line":510},"81":{"loc":{"start":{"line":517,"column":8},"end":{"line":518,"column":24}},"type":"if","locations":[{"start":{"line":517,"column":8},"end":{"line":518,"column":24}},{"start":{"line":517,"column":8},"end":{"line":518,"column":24}}],"line":517},"82":{"loc":{"start":{"line":525,"column":8},"end":{"line":527,"column":9}},"type":"if","locations":[{"start":{"line":525,"column":8},"end":{"line":527,"column":9}},{"start":{"line":525,"column":8},"end":{"line":527,"column":9}}],"line":525}},"s":{"0":1,"1":1,"2":1,"3":1,"4":1,"5":1,"6":1,"7":1,"8":1,"9":1,"10":1,"11":9,"12":9,"13":9,"14":9,"15":9,"16":9,"17":7,"18":46,"19":9,"20":0,"21":0,"22":0,"23":0,"24":0,"25":0,"26":0,"27":13,"28":0,"29":0,"30":13,"31":13,"32":0,"33":3,"34":1,"35":1,"36":3,"37":3,"38":2,"39":1,"40":1,"41":1,"42":1,"43":1,"44":0,"45":1,"46":1,"47":0,"48":4,"49":0,"50":0,"51":4,"52":4,"53":3,"54":2,"55":2,"56":0,"57":0,"58":2,"59":1,"60":1,"61":1,"62":1,"63":0,"64":1,"65":1,"66":1,"67":0,"68":0,"69":0,"70":0,"71":0,"72":0,"73":0,"74":0,"75":0,"76":0,"77":0,"78":0,"79":0,"80":0,"81":0,"82":0,"83":0,"84":0,"85":0,"86":0,"87":0,"88":3,"89":0,"90":0,"91":3,"92":3,"93":2,"94":2,"95":1,"96":1,"97":1,"98":1,"99":1,"100":1,"101":0,"102":1,"103":0,"104":0,"105":0,"106":0,"107":0,"108":0,"109":0,"110":0,"111":0,"112":0,"113":0,"114":0,"115":0,"116":0,"117":0,"118":0,"119":0,"120":0,"121":0,"122":3,"123":0,"124":0,"125":3,"126":3,"127":2,"128":2,"129":2,"130":2,"131":2,"132":1,"133":1,"134":1,"135":1,"136":0,"137":0,"138":1,"139":0,"140":0,"141":0,"142":0,"143":0,"144":0,"145":0,"146":0,"147":0,"148":0,"149":0,"150":0,"151":0,"152":0,"153":0,"154":0,"155":0,"156":0,"157":2,"158":0,"159":0,"160":2,"161":2,"162":2,"163":1,"164":1,"165":1,"166":0,"167":1,"168":0,"169":0,"170":0,"171":0,"172":0,"173":0,"174":0,"175":0,"176":0,"177":0,"178":0,"179":0,"180":0,"181":0,"182":0,"183":0,"184":0,"185":0,"186":0,"187":0,"188":0,"189":0,"190":0,"191":0,"192":0,"193":0,"194":0,"195":0,"196":0,"197":0,"198":0,"199":0,"200":0,"201":2,"202":0,"203":0,"204":2,"205":2,"206":2,"207":1,"208":1,"209":1,"210":0,"211":1,"212":0,"213":0,"214":0,"215":0,"216":0,"217":0,"218":0,"219":0,"220":0,"221":0,"222":0,"223":0,"224":0,"225":0,"226":0,"227":0,"228":0,"229":0,"230":0,"231":0,"232":0,"233":0,"234":0,"235":0,"236":0,"237":0,"238":0,"239":0,"240":0,"241":0,"242":0,"243":0,"244":0,"245":0,"246":0,"247":0,"248":6,"249":1,"250":6,"251":1},"f":{"0":1,"1":1,"2":0,"3":0,"4":13,"5":3,"6":4,"7":0,"8":3,"9":0,"10":3,"11":0,"12":0,"13":2,"14":0,"15":0,"16":0,"17":0,"18":0,"19":2,"20":0,"21":0,"22":0,"23":6,"24":6},"b":{"0":[1,0],"1":[7,2],"2":[0,0],"3":[0,0],"4":[0,13],"5":[13,0],"6":[1,2],"7":[3,0],"8":[3,3,3],"9":[2,1],"10":[1,1],"11":[2,2],"12":[0,4],"13":[4,0],"14":[4,4],"15":[3,1],"16":[2,1],"17":[3,2,1],"18":[0,2],"19":[1,1],"20":[0,0],"21":[0,0],"22":[0,0],"23":[0,0],"24":[0,0],"25":[0,0],"26":[0,3],"27":[3,0],"28":[3,3],"29":[2,1],"30":[1,1],"31":[2,2],"32":[0,0],"33":[0,0],"34":[0,0],"35":[0,0],"36":[0,0],"37":[0,0],"38":[0,3],"39":[3,0],"40":[3,3],"41":[2,1],"42":[2,0],"43":[1,1],"44":[0,0],"45":[0,0],"46":[0,0],"47":[0,0],"48":[0,0],"49":[0,0],"50":[0,2],"51":[2,0],"52":[1,1],"53":[1,0],"54":[0,0],"55":[0,0],"56":[0,0],"57":[0,0],"58":[0,0],"59":[0,0],"60":[0,0],"61":[0,0],"62":[0,0],"63":[0,0],"64":[0,0],"65":[0,2],"66":[2,0],"67":[1,1],"68":[1,0],"69":[0,0],"70":[0,0],"71":[0,0],"72":[0,0],"73":[0,0],"74":[0,0],"75":[0,0],"76":[0,0],"77":[0,0],"78":[0,0],"79":[0,0],"80":[0,0],"81":[0,0],"82":[1,5]},"_coverageSchema":"1a1c01bbd47fc00a2c39e90264f33305004495a9","hash":"b7c1ea2831637c9cdcfe0ba6fe7f169a1a149463"}
,"C:\\Users\\Zeeshan\\OneDrive - University of Pretoria\\Documents\\BIT\\Year 4\\Semester 1\\COS 301\\Projects\\Crypto-Market-Analysis\\server\\database\\Database.js": {"path":"C:\\Users\\Zeeshan\\OneDrive - University of Pretoria\\Documents\\BIT\\Year 4\\Semester 1\\COS 301\\Projects\\Crypto-Market-Analysis\\server\\database\\Database.js","statementMap":{"0":{"start":{"line":1,"column":14},"end":{"line":1,"column":39}},"1":{"start":{"line":2,"column":23},"end":{"line":2,"column":49}},"2":{"start":{"line":5,"column":19},"end":{"line":9,"column":1}},"3":{"start":{"line":6,"column":4},"end":{"line":8,"column":7}},"4":{"start":{"line":17,"column":8},"end":{"line":17,"column":21}},"5":{"start":{"line":18,"column":8},"end":{"line":18,"column":37}},"6":{"start":{"line":29,"column":19},"end":{"line":29,"column":40}},"7":{"start":{"line":31,"column":8},"end":{"line":48,"column":97}},"8":{"start":{"line":32,"column":12},"end":{"line":45,"column":13}},"9":{"start":{"line":33,"column":16},"end":{"line":41,"column":18}},"10":{"start":{"line":34,"column":20},"end":{"line":35,"column":38}},"11":{"start":{"line":35,"column":24},"end":{"line":35,"column":38}},"12":{"start":{"line":36,"column":20},"end":{"line":36,"column":46}},"13":{"start":{"line":37,"column":20},"end":{"line":37,"column":47}},"14":{"start":{"line":38,"column":20},"end":{"line":38,"column":105}},"15":{"start":{"line":40,"column":20},"end":{"line":40,"column":49}},"16":{"start":{"line":44,"column":16},"end":{"line":44,"column":92}},"17":{"start":{"line":48,"column":12},"end":{"line":48,"column":97}},"18":{"start":{"line":51,"column":8},"end":{"line":52,"column":65}},"19":{"start":{"line":52,"column":12},"end":{"line":52,"column":65}},"20":{"start":{"line":55,"column":8},"end":{"line":60,"column":9}},"21":{"start":{"line":56,"column":12},"end":{"line":56,"column":71}},"22":{"start":{"line":59,"column":12},"end":{"line":59,"column":46}},"23":{"start":{"line":68,"column":8},"end":{"line":80,"column":62}},"24":{"start":{"line":69,"column":39},"end":{"line":71,"column":13}},"25":{"start":{"line":72,"column":11},"end":{"line":77,"column":13}},"26":{"start":{"line":73,"column":16},"end":{"line":73,"column":90}},"27":{"start":{"line":76,"column":16},"end":{"line":76,"column":43}},"28":{"start":{"line":80,"column":12},"end":{"line":80,"column":62}},"29":{"start":{"line":84,"column":12},"end":{"line":84,"column":36}},"30":{"start":{"line":85,"column":39},"end":{"line":87,"column":13}},"31":{"start":{"line":88,"column":12},"end":{"line":90,"column":64}},"32":{"start":{"line":88,"column":16},"end":{"line":88,"column":93}},"33":{"start":{"line":90,"column":24},"end":{"line":90,"column":63}},"34":{"start":{"line":96,"column":8},"end":{"line":139,"column":9}},"35":{"start":{"line":98,"column":12},"end":{"line":103,"column":13}},"36":{"start":{"line":99,"column":16},"end":{"line":99,"column":72}},"37":{"start":{"line":102,"column":16},"end":{"line":102,"column":92}},"38":{"start":{"line":106,"column":13},"end":{"line":139,"column":9}},"39":{"start":{"line":107,"column":10},"end":{"line":112,"column":13}},"40":{"start":{"line":108,"column":16},"end":{"line":108,"column":90}},"41":{"start":{"line":111,"column":16},"end":{"line":111,"column":92}},"42":{"start":{"line":115,"column":13},"end":{"line":139,"column":9}},"43":{"start":{"line":116,"column":12},"end":{"line":121,"column":13}},"44":{"start":{"line":117,"column":16},"end":{"line":117,"column":78}},"45":{"start":{"line":120,"column":16},"end":{"line":120,"column":92}},"46":{"start":{"line":124,"column":12},"end":{"line":138,"column":13}},"47":{"start":{"line":125,"column":28},"end":{"line":125,"column":98}},"48":{"start":{"line":126,"column":16},"end":{"line":132,"column":17}},"49":{"start":{"line":127,"column":36},"end":{"line":127,"column":68}},"50":{"start":{"line":128,"column":20},"end":{"line":131,"column":21}},"51":{"start":{"line":129,"column":24},"end":{"line":130,"column":43}},"52":{"start":{"line":130,"column":28},"end":{"line":130,"column":43}},"53":{"start":{"line":134,"column":16},"end":{"line":134,"column":28}},"54":{"start":{"line":137,"column":16},"end":{"line":137,"column":28}},"55":{"start":{"line":144,"column":8},"end":{"line":174,"column":9}},"56":{"start":{"line":146,"column":29},"end":{"line":146,"column":82}},"57":{"start":{"line":148,"column":12},"end":{"line":173,"column":13}},"58":{"start":{"line":150,"column":30},"end":{"line":150,"column":57}},"59":{"start":{"line":151,"column":16},"end":{"line":171,"column":83}},"60":{"start":{"line":152,"column":20},"end":{"line":168,"column":21}},"61":{"start":{"line":154,"column":24},"end":{"line":154,"column":50}},"62":{"start":{"line":155,"column":24},"end":{"line":163,"column":25}},"63":{"start":{"line":156,"column":28},"end":{"line":162,"column":29}},"64":{"start":{"line":158,"column":32},"end":{"line":158,"column":89}},"65":{"start":{"line":161,"column":32},"end":{"line":161,"column":60}},"66":{"start":{"line":164,"column":24},"end":{"line":164,"column":36}},"67":{"start":{"line":167,"column":24},"end":{"line":167,"column":53}},"68":{"start":{"line":171,"column":20},"end":{"line":171,"column":83}},"69":{"start":{"line":178,"column":20},"end":{"line":178,"column":21}},"70":{"start":{"line":179,"column":8},"end":{"line":179,"column":104}},"71":{"start":{"line":179,"column":61},"end":{"line":179,"column":71}},"72":{"start":{"line":179,"column":90},"end":{"line":179,"column":102}},"73":{"start":{"line":180,"column":8},"end":{"line":180,"column":21}},"74":{"start":{"line":187,"column":8},"end":{"line":189,"column":9}},"75":{"start":{"line":188,"column":12},"end":{"line":188,"column":48}},"76":{"start":{"line":193,"column":8},"end":{"line":193,"column":34}},"77":{"start":{"line":197,"column":0},"end":{"line":197,"column":27}}},"fnMap":{"0":{"name":"(anonymous_0)","decl":{"start":{"line":5,"column":19},"end":{"line":5,"column":20}},"loc":{"start":{"line":5,"column":25},"end":{"line":9,"column":1}},"line":5},"1":{"name":"(anonymous_1)","decl":{"start":{"line":16,"column":4},"end":{"line":16,"column":5}},"loc":{"start":{"line":16,"column":18},"end":{"line":19,"column":5}},"line":16},"2":{"name":"(anonymous_2)","decl":{"start":{"line":28,"column":4},"end":{"line":28,"column":5}},"loc":{"start":{"line":28,"column":72},"end":{"line":49,"column":5}},"line":28},"3":{"name":"(anonymous_3)","decl":{"start":{"line":33,"column":69},"end":{"line":33,"column":70}},"loc":{"start":{"line":33,"column":81},"end":{"line":39,"column":17}},"line":33},"4":{"name":"(anonymous_4)","decl":{"start":{"line":39,"column":25},"end":{"line":39,"column":26}},"loc":{"start":{"line":39,"column":34},"end":{"line":41,"column":17}},"line":39},"5":{"name":"(anonymous_5)","decl":{"start":{"line":50,"column":4},"end":{"line":50,"column":5}},"loc":{"start":{"line":50,"column":34},"end":{"line":53,"column":5}},"line":50},"6":{"name":"(anonymous_6)","decl":{"start":{"line":54,"column":4},"end":{"line":54,"column":5}},"loc":{"start":{"line":54,"column":38},"end":{"line":66,"column":5}},"line":54},"7":{"name":"(anonymous_7)","decl":{"start":{"line":67,"column":4},"end":{"line":67,"column":5}},"loc":{"start":{"line":67,"column":41},"end":{"line":82,"column":5}},"line":67},"8":{"name":"(anonymous_8)","decl":{"start":{"line":83,"column":4},"end":{"line":83,"column":5}},"loc":{"start":{"line":83,"column":43},"end":{"line":93,"column":5}},"line":83},"9":{"name":"(anonymous_9)","decl":{"start":{"line":94,"column":4},"end":{"line":94,"column":5}},"loc":{"start":{"line":95,"column":4},"end":{"line":140,"column":5}},"line":95},"10":{"name":"(anonymous_10)","decl":{"start":{"line":142,"column":4},"end":{"line":142,"column":5}},"loc":{"start":{"line":142,"column":64},"end":{"line":175,"column":5}},"line":142},"11":{"name":"(anonymous_11)","decl":{"start":{"line":177,"column":4},"end":{"line":177,"column":5}},"loc":{"start":{"line":177,"column":24},"end":{"line":181,"column":5}},"line":177},"12":{"name":"(anonymous_12)","decl":{"start":{"line":179,"column":54},"end":{"line":179,"column":55}},"loc":{"start":{"line":179,"column":60},"end":{"line":179,"column":72}},"line":179},"13":{"name":"(anonymous_13)","decl":{"start":{"line":179,"column":80},"end":{"line":179,"column":81}},"loc":{"start":{"line":179,"column":89},"end":{"line":179,"column":103}},"line":179},"14":{"name":"(anonymous_14)","decl":{"start":{"line":186,"column":4},"end":{"line":186,"column":5}},"loc":{"start":{"line":186,"column":18},"end":{"line":190,"column":5}},"line":186},"15":{"name":"(anonymous_15)","decl":{"start":{"line":192,"column":4},"end":{"line":192,"column":5}},"loc":{"start":{"line":192,"column":18},"end":{"line":194,"column":5}},"line":192}},"branchMap":{"0":{"loc":{"start":{"line":28,"column":58},"end":{"line":28,"column":71}},"type":"default-arg","locations":[{"start":{"line":28,"column":66},"end":{"line":28,"column":71}}],"line":28},"1":{"loc":{"start":{"line":31,"column":8},"end":{"line":48,"column":97}},"type":"if","locations":[{"start":{"line":31,"column":8},"end":{"line":48,"column":97}},{"start":{"line":31,"column":8},"end":{"line":48,"column":97}}],"line":31},"2":{"loc":{"start":{"line":34,"column":20},"end":{"line":35,"column":38}},"type":"if","locations":[{"start":{"line":34,"column":20},"end":{"line":35,"column":38}},{"start":{"line":34,"column":20},"end":{"line":35,"column":38}}],"line":34},"3":{"loc":{"start":{"line":51,"column":8},"end":{"line":52,"column":65}},"type":"if","locations":[{"start":{"line":51,"column":8},"end":{"line":52,"column":65}},{"start":{"line":51,"column":8},"end":{"line":52,"column":65}}],"line":51},"4":{"loc":{"start":{"line":68,"column":8},"end":{"line":80,"column":62}},"type":"if","locations":[{"start":{"line":68,"column":8},"end":{"line":80,"column":62}},{"start":{"line":68,"column":8},"end":{"line":80,"column":62}}],"line":68},"5":{"loc":{"start":{"line":68,"column":11},"end":{"line":68,"column":26}},"type":"binary-expr","locations":[{"start":{"line":68,"column":11},"end":{"line":68,"column":16}},{"start":{"line":68,"column":20},"end":{"line":68,"column":26}}],"line":68},"6":{"loc":{"start":{"line":94,"column":32},"end":{"line":94,"column":51}},"type":"default-arg","locations":[{"start":{"line":94,"column":47},"end":{"line":94,"column":51}}],"line":94},"7":{"loc":{"start":{"line":94,"column":53},"end":{"line":94,"column":65}},"type":"default-arg","locations":[{"start":{"line":94,"column":61},"end":{"line":94,"column":65}}],"line":94},"8":{"loc":{"start":{"line":96,"column":8},"end":{"line":139,"column":9}},"type":"if","locations":[{"start":{"line":96,"column":8},"end":{"line":139,"column":9}},{"start":{"line":96,"column":8},"end":{"line":139,"column":9}}],"line":96},"9":{"loc":{"start":{"line":106,"column":13},"end":{"line":139,"column":9}},"type":"if","locations":[{"start":{"line":106,"column":13},"end":{"line":139,"column":9}},{"start":{"line":106,"column":13},"end":{"line":139,"column":9}}],"line":106},"10":{"loc":{"start":{"line":106,"column":16},"end":{"line":106,"column":61}},"type":"binary-expr","locations":[{"start":{"line":106,"column":16},"end":{"line":106,"column":30}},{"start":{"line":106,"column":34},"end":{"line":106,"column":61}}],"line":106},"11":{"loc":{"start":{"line":115,"column":13},"end":{"line":139,"column":9}},"type":"if","locations":[{"start":{"line":115,"column":13},"end":{"line":139,"column":9}},{"start":{"line":115,"column":13},"end":{"line":139,"column":9}}],"line":115},"12":{"loc":{"start":{"line":126,"column":16},"end":{"line":132,"column":17}},"type":"if","locations":[{"start":{"line":126,"column":16},"end":{"line":132,"column":17}},{"start":{"line":126,"column":16},"end":{"line":132,"column":17}}],"line":126},"13":{"loc":{"start":{"line":129,"column":24},"end":{"line":130,"column":43}},"type":"if","locations":[{"start":{"line":129,"column":24},"end":{"line":130,"column":43}},{"start":{"line":129,"column":24},"end":{"line":130,"column":43}}],"line":129},"14":{"loc":{"start":{"line":144,"column":8},"end":{"line":174,"column":9}},"type":"if","locations":[{"start":{"line":144,"column":8},"end":{"line":174,"column":9}},{"start":{"line":144,"column":8},"end":{"line":174,"column":9}}],"line":144},"15":{"loc":{"start":{"line":144,"column":11},"end":{"line":144,"column":63}},"type":"binary-expr","locations":[{"start":{"line":144,"column":11},"end":{"line":144,"column":25}},{"start":{"line":144,"column":29},"end":{"line":144,"column":41}},{"start":{"line":144,"column":45},"end":{"line":144,"column":50}},{"start":{"line":144,"column":54},"end":{"line":144,"column":63}}],"line":144},"16":{"loc":{"start":{"line":148,"column":12},"end":{"line":173,"column":13}},"type":"if","locations":[{"start":{"line":148,"column":12},"end":{"line":173,"column":13}},{"start":{"line":148,"column":12},"end":{"line":173,"column":13}}],"line":148},"17":{"loc":{"start":{"line":151,"column":16},"end":{"line":171,"column":83}},"type":"if","locations":[{"start":{"line":151,"column":16},"end":{"line":171,"column":83}},{"start":{"line":151,"column":16},"end":{"line":171,"column":83}}],"line":151},"18":{"loc":{"start":{"line":155,"column":24},"end":{"line":163,"column":25}},"type":"if","locations":[{"start":{"line":155,"column":24},"end":{"line":163,"column":25}},{"start":{"line":155,"column":24},"end":{"line":163,"column":25}}],"line":155},"19":{"loc":{"start":{"line":187,"column":8},"end":{"line":189,"column":9}},"type":"if","locations":[{"start":{"line":187,"column":8},"end":{"line":189,"column":9}},{"start":{"line":187,"column":8},"end":{"line":189,"column":9}}],"line":187}},"s":{"0":1,"1":1,"2":1,"3":1,"4":1,"5":1,"6":6,"7":6,"8":3,"9":3,"10":3,"11":0,"12":3,"13":3,"14":3,"15":0,"16":0,"17":3,"18":2,"19":2,"20":0,"21":0,"22":0,"23":0,"24":0,"25":0,"26":0,"27":0,"28":0,"29":0,"30":0,"31":0,"32":0,"33":0,"34":10,"35":4,"36":4,"37":0,"38":6,"39":0,"40":0,"41":0,"42":6,"43":0,"44":0,"45":0,"46":6,"47":6,"48":6,"49":6,"50":6,"51":17,"52":6,"53":0,"54":0,"55":3,"56":3,"57":3,"58":3,"59":3,"60":3,"61":3,"62":3,"63":3,"64":3,"65":0,"66":3,"67":0,"68":0,"69":0,"70":0,"71":0,"72":0,"73":0,"74":10,"75":1,"76":10,"77":1},"f":{"0":1,"1":1,"2":6,"3":3,"4":0,"5":2,"6":0,"7":0,"8":0,"9":10,"10":3,"11":0,"12":0,"13":0,"14":10,"15":10},"b":{"0":[3],"1":[3,3],"2":[0,3],"3":[2,0],"4":[0,0],"5":[0,0],"6":[4],"7":[4],"8":[4,6],"9":[0,6],"10":[6,0],"11":[0,6],"12":[6,0],"13":[6,11],"14":[3,0],"15":[3,3,3,3],"16":[3,0],"17":[3,0],"18":[3,0],"19":[1,9]},"_coverageSchema":"1a1c01bbd47fc00a2c39e90264f33305004495a9","hash":"165fcdd327bb035129efacb26e3fce26b76270be"}
,"C:\\Users\\Zeeshan\\OneDrive - University of Pretoria\\Documents\\BIT\\Year 4\\Semester 1\\COS 301\\Projects\\Crypto-Market-Analysis\\server\\functions\\sentiment_functions.js": {"path":"C:\\Users\\Zeeshan\\OneDrive - University of Pretoria\\Documents\\BIT\\Year 4\\Semester 1\\COS 301\\Projects\\Crypto-Market-Analysis\\server\\functions\\sentiment_functions.js","statementMap":{"0":{"start":{"line":1,"column":17},"end":{"line":1,"column":48}},"1":{"start":{"line":2,"column":13},"end":{"line":2,"column":54}},"2":{"start":{"line":3,"column":20},"end":{"line":3,"column":44}},"3":{"start":{"line":4,"column":27},"end":{"line":4,"column":55}},"4":{"start":{"line":6,"column":20},"end":{"line":47,"column":1}},"5":{"start":{"line":7,"column":19},"end":{"line":7,"column":21}},"6":{"start":{"line":9,"column":4},"end":{"line":46,"column":5}},"7":{"start":{"line":10,"column":8},"end":{"line":42,"column":59}},"8":{"start":{"line":11,"column":39},"end":{"line":11,"column":107}},"9":{"start":{"line":12,"column":12},"end":{"line":39,"column":133}},"10":{"start":{"line":13,"column":16},"end":{"line":31,"column":17}},"11":{"start":{"line":14,"column":20},"end":{"line":30,"column":21}},"12":{"start":{"line":15,"column":38},"end":{"line":15,"column":109}},"13":{"start":{"line":17,"column":24},"end":{"line":26,"column":25}},"14":{"start":{"line":18,"column":28},"end":{"line":25,"column":68}},"15":{"start":{"line":19,"column":32},"end":{"line":22,"column":33}},"16":{"start":{"line":20,"column":36},"end":{"line":21,"column":116}},"17":{"start":{"line":21,"column":40},"end":{"line":21,"column":116}},"18":{"start":{"line":25,"column":32},"end":{"line":25,"column":68}},"19":{"start":{"line":29,"column":24},"end":{"line":29,"column":53}},"20":{"start":{"line":33,"column":16},"end":{"line":34,"column":113}},"21":{"start":{"line":34,"column":20},"end":{"line":34,"column":113}},"22":{"start":{"line":36,"column":16},"end":{"line":36,"column":32}},"23":{"start":{"line":39,"column":16},"end":{"line":39,"column":133}},"24":{"start":{"line":42,"column":12},"end":{"line":42,"column":59}},"25":{"start":{"line":45,"column":8},"end":{"line":45,"column":37}},"26":{"start":{"line":49,"column":0},"end":{"line":49,"column":31}}},"fnMap":{"0":{"name":"(anonymous_0)","decl":{"start":{"line":6,"column":20},"end":{"line":6,"column":21}},"loc":{"start":{"line":6,"column":50},"end":{"line":47,"column":1}},"line":6}},"branchMap":{"0":{"loc":{"start":{"line":10,"column":8},"end":{"line":42,"column":59}},"type":"if","locations":[{"start":{"line":10,"column":8},"end":{"line":42,"column":59}},{"start":{"line":10,"column":8},"end":{"line":42,"column":59}}],"line":10},"1":{"loc":{"start":{"line":12,"column":12},"end":{"line":39,"column":133}},"type":"if","locations":[{"start":{"line":12,"column":12},"end":{"line":39,"column":133}},{"start":{"line":12,"column":12},"end":{"line":39,"column":133}}],"line":12},"2":{"loc":{"start":{"line":17,"column":24},"end":{"line":26,"column":25}},"type":"if","locations":[{"start":{"line":17,"column":24},"end":{"line":26,"column":25}},{"start":{"line":17,"column":24},"end":{"line":26,"column":25}}],"line":17},"3":{"loc":{"start":{"line":18,"column":28},"end":{"line":25,"column":68}},"type":"if","locations":[{"start":{"line":18,"column":28},"end":{"line":25,"column":68}},{"start":{"line":18,"column":28},"end":{"line":25,"column":68}}],"line":18},"4":{"loc":{"start":{"line":20,"column":36},"end":{"line":21,"column":116}},"type":"if","locations":[{"start":{"line":20,"column":36},"end":{"line":21,"column":116}},{"start":{"line":20,"column":36},"end":{"line":21,"column":116}}],"line":20},"5":{"loc":{"start":{"line":33,"column":16},"end":{"line":34,"column":113}},"type":"if","locations":[{"start":{"line":33,"column":16},"end":{"line":34,"column":113}},{"start":{"line":33,"column":16},"end":{"line":34,"column":113}}],"line":33}},"s":{"0":1,"1":1,"2":1,"3":1,"4":1,"5":0,"6":0,"7":0,"8":0,"9":0,"10":0,"11":0,"12":0,"13":0,"14":0,"15":0,"16":0,"17":0,"18":0,"19":0,"20":0,"21":0,"22":0,"23":0,"24":0,"25":0,"26":1},"f":{"0":0},"b":{"0":[0,0],"1":[0,0],"2":[0,0],"3":[0,0],"4":[0,0],"5":[0,0]},"_coverageSchema":"1a1c01bbd47fc00a2c39e90264f33305004495a9","hash":"27a8a3a631999f4d66fda59e416738f41f3f5353"}
,"C:\\Users\\Zeeshan\\OneDrive - University of Pretoria\\Documents\\BIT\\Year 4\\Semester 1\\COS 301\\Projects\\Crypto-Market-Analysis\\server\\routes\\chan.js": {"path":"C:\\Users\\Zeeshan\\OneDrive - University of Pretoria\\Documents\\BIT\\Year 4\\Semester 1\\COS 301\\Projects\\Crypto-Market-Analysis\\server\\routes\\chan.js","statementMap":{"0":{"start":{"line":1,"column":16},"end":{"line":1,"column":34}},"1":{"start":{"line":2,"column":15},"end":{"line":2,"column":31}},"2":{"start":{"line":3,"column":13},"end":{"line":3,"column":50}},"3":{"start":{"line":4,"column":13},"end":{"line":4,"column":23}},"4":{"start":{"line":6,"column":0},"end":{"line":20,"column":3}},"5":{"start":{"line":7,"column":18},"end":{"line":7,"column":36}},"6":{"start":{"line":8,"column":4},"end":{"line":12,"column":5}},"7":{"start":{"line":9,"column":20},"end":{"line":9,"column":80}},"8":{"start":{"line":10,"column":8},"end":{"line":10,"column":27}},"9":{"start":{"line":11,"column":8},"end":{"line":11,"column":27}},"10":{"start":{"line":13,"column":4},"end":{"line":19,"column":6}},"11":{"start":{"line":14,"column":8},"end":{"line":14,"column":47}},"12":{"start":{"line":16,"column":20},"end":{"line":16,"column":34}},"13":{"start":{"line":17,"column":8},"end":{"line":17,"column":27}},"14":{"start":{"line":18,"column":8},"end":{"line":18,"column":27}},"15":{"start":{"line":22,"column":0},"end":{"line":22,"column":23}}},"fnMap":{"0":{"name":"(anonymous_0)","decl":{"start":{"line":6,"column":29},"end":{"line":6,"column":30}},"loc":{"start":{"line":6,"column":61},"end":{"line":20,"column":1}},"line":6},"1":{"name":"(anonymous_1)","decl":{"start":{"line":13,"column":30},"end":{"line":13,"column":31}},"loc":{"start":{"line":13,"column":38},"end":{"line":15,"column":5}},"line":13},"2":{"name":"(anonymous_2)","decl":{"start":{"line":15,"column":13},"end":{"line":15,"column":14}},"loc":{"start":{"line":15,"column":18},"end":{"line":19,"column":5}},"line":15}},"branchMap":{"0":{"loc":{"start":{"line":8,"column":4},"end":{"line":12,"column":5}},"type":"if","locations":[{"start":{"line":8,"column":4},"end":{"line":12,"column":5}},{"start":{"line":8,"column":4},"end":{"line":12,"column":5}}],"line":8},"1":{"loc":{"start":{"line":8,"column":7},"end":{"line":8,"column":72}},"type":"binary-expr","locations":[{"start":{"line":8,"column":7},"end":{"line":8,"column":13}},{"start":{"line":8,"column":17},"end":{"line":8,"column":72}}],"line":8},"2":{"loc":{"start":{"line":8,"column":19},"end":{"line":8,"column":71}},"type":"binary-expr","locations":[{"start":{"line":8,"column":19},"end":{"line":8,"column":44}},{"start":{"line":8,"column":48},"end":{"line":8,"column":71}}],"line":8}},"s":{"0":1,"1":1,"2":1,"3":1,"4":1,"5":0,"6":0,"7":0,"8":0,"9":0,"10":0,"11":0,"12":0,"13":0,"14":0,"15":1},"f":{"0":0,"1":0,"2":0},"b":{"0":[0,0],"1":[0,0],"2":[0,0]},"_coverageSchema":"1a1c01bbd47fc00a2c39e90264f33305004495a9","hash":"00fe0a7468455f4ad811bc1557f1d532e3c2b607"}
,"C:\\Users\\Zeeshan\\OneDrive - University of Pretoria\\Documents\\BIT\\Year 4\\Semester 1\\COS 301\\Projects\\Crypto-Market-Analysis\\server\\routes\\reddit.js": {"path":"C:\\Users\\Zeeshan\\OneDrive - University of Pretoria\\Documents\\BIT\\Year 4\\Semester 1\\COS 301\\Projects\\Crypto-Market-Analysis\\server\\routes\\reddit.js","statementMap":{"0":{"start":{"line":1,"column":16},"end":{"line":1,"column":34}},"1":{"start":{"line":2,"column":15},"end":{"line":2,"column":31}},"2":{"start":{"line":3,"column":15},"end":{"line":3,"column":54}},"3":{"start":{"line":4,"column":15},"end":{"line":4,"column":27}},"4":{"start":{"line":6,"column":0},"end":{"line":21,"column":3}},"5":{"start":{"line":7,"column":4},"end":{"line":20,"column":5}},"6":{"start":{"line":8,"column":20},"end":{"line":8,"column":80}},"7":{"start":{"line":9,"column":8},"end":{"line":9,"column":27}},"8":{"start":{"line":10,"column":8},"end":{"line":10,"column":27}},"9":{"start":{"line":13,"column":8},"end":{"line":19,"column":10}},"10":{"start":{"line":14,"column":12},"end":{"line":14,"column":44}},"11":{"start":{"line":16,"column":24},"end":{"line":16,"column":38}},"12":{"start":{"line":17,"column":12},"end":{"line":17,"column":31}},"13":{"start":{"line":18,"column":12},"end":{"line":18,"column":31}},"14":{"start":{"line":23,"column":0},"end":{"line":23,"column":23}}},"fnMap":{"0":{"name":"(anonymous_0)","decl":{"start":{"line":6,"column":31},"end":{"line":6,"column":32}},"loc":{"start":{"line":6,"column":63},"end":{"line":21,"column":1}},"line":6},"1":{"name":"(anonymous_1)","decl":{"start":{"line":13,"column":54},"end":{"line":13,"column":55}},"loc":{"start":{"line":13,"column":60},"end":{"line":15,"column":9}},"line":13},"2":{"name":"(anonymous_2)","decl":{"start":{"line":15,"column":17},"end":{"line":15,"column":18}},"loc":{"start":{"line":15,"column":22},"end":{"line":19,"column":9}},"line":15}},"branchMap":{"0":{"loc":{"start":{"line":7,"column":4},"end":{"line":20,"column":5}},"type":"if","locations":[{"start":{"line":7,"column":4},"end":{"line":20,"column":5}},{"start":{"line":7,"column":4},"end":{"line":20,"column":5}}],"line":7},"1":{"loc":{"start":{"line":7,"column":7},"end":{"line":7,"column":47}},"type":"binary-expr","locations":[{"start":{"line":7,"column":7},"end":{"line":7,"column":26}},{"start":{"line":7,"column":29},"end":{"line":7,"column":47}}],"line":7}},"s":{"0":1,"1":1,"2":1,"3":1,"4":1,"5":0,"6":0,"7":0,"8":0,"9":0,"10":0,"11":0,"12":0,"13":0,"14":1},"f":{"0":0,"1":0,"2":0},"b":{"0":[0,0],"1":[0,0]},"_coverageSchema":"1a1c01bbd47fc00a2c39e90264f33305004495a9","hash":"fa6b88d8190f1d9ba1e4e9330ec6d338fbeaeba3"}
,"C:\\Users\\Zeeshan\\OneDrive - University of Pretoria\\Documents\\BIT\\Year 4\\Semester 1\\COS 301\\Projects\\Crypto-Market-Analysis\\server\\routes\\sentiment.js": {"path":"C:\\Users\\Zeeshan\\OneDrive - University of Pretoria\\Documents\\BIT\\Year 4\\Semester 1\\COS 301\\Projects\\Crypto-Market-Analysis\\server\\routes\\sentiment.js","statementMap":{"0":{"start":{"line":1,"column":16},"end":{"line":1,"column":34}},"1":{"start":{"line":2,"column":15},"end":{"line":2,"column":31}},"2":{"start":{"line":3,"column":28},"end":{"line":3,"column":71}},"3":{"start":{"line":5,"column":0},"end":{"line":26,"column":3}},"4":{"start":{"line":6,"column":33},"end":{"line":6,"column":45}},"5":{"start":{"line":9,"column":4},"end":{"line":24,"column":5}},"6":{"start":{"line":10,"column":20},"end":{"line":10,"column":80}},"7":{"start":{"line":11,"column":8},"end":{"line":11,"column":27}},"8":{"start":{"line":12,"column":8},"end":{"line":12,"column":27}},"9":{"start":{"line":15,"column":8},"end":{"line":23,"column":9}},"10":{"start":{"line":16,"column":25},"end":{"line":16,"column":82}},"11":{"start":{"line":17,"column":12},"end":{"line":17,"column":59}},"12":{"start":{"line":20,"column":24},"end":{"line":20,"column":38}},"13":{"start":{"line":21,"column":12},"end":{"line":21,"column":31}},"14":{"start":{"line":22,"column":12},"end":{"line":22,"column":31}},"15":{"start":{"line":28,"column":0},"end":{"line":28,"column":23}}},"fnMap":{"0":{"name":"(anonymous_0)","decl":{"start":{"line":5,"column":28},"end":{"line":5,"column":29}},"loc":{"start":{"line":5,"column":63},"end":{"line":26,"column":1}},"line":5}},"branchMap":{"0":{"loc":{"start":{"line":9,"column":4},"end":{"line":24,"column":5}},"type":"if","locations":[{"start":{"line":9,"column":4},"end":{"line":24,"column":5}},{"start":{"line":9,"column":4},"end":{"line":24,"column":5}}],"line":9},"1":{"loc":{"start":{"line":9,"column":8},"end":{"line":9,"column":30}},"type":"binary-expr","locations":[{"start":{"line":9,"column":8},"end":{"line":9,"column":14}},{"start":{"line":9,"column":18},"end":{"line":9,"column":30}}],"line":9}},"s":{"0":1,"1":1,"2":1,"3":1,"4":0,"5":0,"6":0,"7":0,"8":0,"9":0,"10":0,"11":0,"12":0,"13":0,"14":0,"15":1},"f":{"0":0},"b":{"0":[0,0],"1":[0,0]},"_coverageSchema":"1a1c01bbd47fc00a2c39e90264f33305004495a9","hash":"b01e23cd7d928c3f1c3b6207b3cf8ffc74c2e580"}
,"C:\\Users\\Zeeshan\\OneDrive - University of Pretoria\\Documents\\BIT\\Year 4\\Semester 1\\COS 301\\Projects\\Crypto-Market-Analysis\\server\\routes\\twitter.js": {"path":"C:\\Users\\Zeeshan\\OneDrive - University of Pretoria\\Documents\\BIT\\Year 4\\Semester 1\\COS 301\\Projects\\Crypto-Market-Analysis\\server\\routes\\twitter.js","statementMap":{"0":{"start":{"line":1,"column":16},"end":{"line":1,"column":34}},"1":{"start":{"line":2,"column":15},"end":{"line":2,"column":31}},"2":{"start":{"line":3,"column":16},"end":{"line":3,"column":56}},"3":{"start":{"line":4,"column":16},"end":{"line":4,"column":43}},"4":{"start":{"line":5,"column":24},"end":{"line":5,"column":65}},"5":{"start":{"line":6,"column":20},"end":{"line":6,"column":55}},"6":{"start":{"line":8,"column":0},"end":{"line":28,"column":3}},"7":{"start":{"line":9,"column":24},"end":{"line":9,"column":48}},"8":{"start":{"line":10,"column":18},"end":{"line":10,"column":36}},"9":{"start":{"line":13,"column":4},"end":{"line":17,"column":5}},"10":{"start":{"line":14,"column":20},"end":{"line":14,"column":80}},"11":{"start":{"line":15,"column":8},"end":{"line":15,"column":27}},"12":{"start":{"line":16,"column":8},"end":{"line":16,"column":27}},"13":{"start":{"line":19,"column":4},"end":{"line":27,"column":5}},"14":{"start":{"line":20,"column":32},"end":{"line":20,"column":80}},"15":{"start":{"line":21,"column":8},"end":{"line":21,"column":66}},"16":{"start":{"line":24,"column":20},"end":{"line":24,"column":34}},"17":{"start":{"line":25,"column":8},"end":{"line":25,"column":27}},"18":{"start":{"line":26,"column":8},"end":{"line":26,"column":27}},"19":{"start":{"line":30,"column":0},"end":{"line":51,"column":3}},"20":{"start":{"line":31,"column":23},"end":{"line":31,"column":47}},"21":{"start":{"line":32,"column":17},"end":{"line":32,"column":35}},"22":{"start":{"line":35,"column":4},"end":{"line":39,"column":5}},"23":{"start":{"line":36,"column":20},"end":{"line":36,"column":80}},"24":{"start":{"line":37,"column":8},"end":{"line":37,"column":27}},"25":{"start":{"line":38,"column":8},"end":{"line":38,"column":27}},"26":{"start":{"line":41,"column":4},"end":{"line":50,"column":5}},"27":{"start":{"line":43,"column":21},"end":{"line":43,"column":73}},"28":{"start":{"line":44,"column":8},"end":{"line":44,"column":74}},"29":{"start":{"line":47,"column":20},"end":{"line":47,"column":34}},"30":{"start":{"line":48,"column":8},"end":{"line":48,"column":27}},"31":{"start":{"line":49,"column":8},"end":{"line":49,"column":27}},"32":{"start":{"line":53,"column":0},"end":{"line":74,"column":3}},"33":{"start":{"line":5
[...]
1,"column":9}}],"line":48},"2":{"loc":{"start":{"line":53,"column":8},"end":{"line":63,"column":44}},"type":"if","locations":[{"start":{"line":53,"column":8},"end":{"line":63,"column":44}},{"start":{"line":53,"column":8},"end":{"line":63,"column":44}}],"line":53},"3":{"loc":{"start":{"line":53,"column":11},"end":{"line":53,"column":31}},"type":"binary-expr","locations":[{"start":{"line":53,"column":11},"end":{"line":53,"column":22}},{"start":{"line":53,"column":26},"end":{"line":53,"column":31}}],"line":53},"4":{"loc":{"start":{"line":54,"column":12},"end":{"line":60,"column":13}},"type":"if","locations":[{"start":{"line":54,"column":12},"end":{"line":60,"column":13}},{"start":{"line":54,"column":12},"end":{"line":60,"column":13}}],"line":54},"5":{"loc":{"start":{"line":67,"column":8},"end":{"line":70,"column":9}},"type":"if","locations":[{"start":{"line":67,"column":8},"end":{"line":70,"column":9}},{"start":{"line":67,"column":8},"end":{"line":70,"column":9}}],"line":67},"6":{"loc":{"start":{"line":72,"column":8},"end":{"line":101,"column":9}},"type":"if","locations":[{"start":{"line":72,"column":8},"end":{"line":101,"column":9}},{"start":{"line":72,"column":8},"end":{"line":101,"column":9}}],"line":72},"7":{"loc":{"start":{"line":76,"column":12},"end":{"line":100,"column":81}},"type":"if","locations":[{"start":{"line":76,"column":12},"end":{"line":100,"column":81}},{"start":{"line":76,"column":12},"end":{"line":100,"column":81}}],"line":76},"8":{"loc":{"start":{"line":80,"column":20},"end":{"line":96,"column":21}},"type":"if","locations":[{"start":{"line":80,"column":20},"end":{"line":96,"column":21}},{"start":{"line":80,"column":20},"end":{"line":96,"column":21}}],"line":80},"9":{"loc":{"start":{"line":82,"column":24},"end":{"line":92,"column":25}},"type":"if","locations":[{"start":{"line":82,"column":24},"end":{"line":92,"column":25}},{"start":{"line":82,"column":24},"end":{"line":92,"column":25}}],"line":82},"10":{"loc":{"start":{"line":86,"column":28},"end":{"line":91,"column":29}},"type":"if","locations":[{"start":{"line":86,"column":28},"end":{"line":91,"column":29}},{"start":{"line":86,"column":28},"end":{"line":91,"column":29}}],"line":86},"11":{"loc":{"start":{"line":88,"column":36},"end":{"line":89,"column":117}},"type":"if","locations":[{"start":{"line":88,"column":36},"end":{"line":89,"column":117}},{"start":{"line":88,"column":36},"end":{"line":89,"column":117}}],"line":88},"12":{"loc":{"start":{"line":107,"column":12},"end":{"line":120,"column":13}},"type":"if","locations":[{"start":{"line":107,"column":12},"end":{"line":120,"column":13}},{"start":{"line":107,"column":12},"end":{"line":120,"column":13}}],"line":107},"13":{"loc":{"start":{"line":125,"column":8},"end":{"line":155,"column":64}},"type":"if","locations":[{"start":{"line":125,"column":8},"end":{"line":155,"column":64}},{"start":{"line":125,"column":8},"end":{"line":155,"column":64}}],"line":125},"14":{"loc":{"start":{"line":125,"column":11},"end":{"line":125,"column":34}},"type":"binary-expr","locations":[{"start":{"line":125,"column":11},"end":{"line":125,"column":16}},{"start":{"line":125,"column":20},"end":{"line":125,"column":26}},{"start":{"line":125,"column":30},"end":{"line":125,"column":34}}],"line":125},"15":{"loc":{"start":{"line":129,"column":12},"end":{"line":152,"column":13}},"type":"if","locations":[{"start":{"line":129,"column":12},"end":{"line":152,"column":13}},{"start":{"line":129,"column":12},"end":{"line":152,"column":13}}],"line":129},"16":{"loc":{"start":{"line":129,"column":15},"end":{"line":129,"column":36}},"type":"binary-expr","locations":[{"start":{"line":129,"column":15},"end":{"line":129,"column":21}},{"start":{"line":129,"column":25},"end":{"line":129,"column":36}}],"line":129},"17":{"loc":{"start":{"line":135,"column":24},"end":{"line":136,"column":56}},"type":"if","locations":[{"start":{"line":135,"column":24},"end":{"line":136,"column":56}},{"start":{"line":135,"column":24},"end":{"line":136,"column":56}}],"line":135},"18":{"loc":{"start":{"line":140,"column":24},"end":{"line":146,"column":25}},"type":"if","locations":[{"start":{"line":140,"column":24},"end":{"line":146,"column":25}},{"start":{"line":140,"column":24},"end":{"line":146,"column":25}}],"line":140},"19":{"loc":{"start":{"line":144,"column":28},"end":{"line":145,"column":91}},"type":"if","locations":[{"start":{"line":144,"column":28},"end":{"line":145,"column":91}},{"start":{"line":144,"column":28},"end":{"line":145,"column":91}}],"line":144},"20":{"loc":{"start":{"line":159,"column":8},"end":{"line":162,"column":9}},"type":"if","locations":[{"start":{"line":159,"column":8},"end":{"line":162,"column":9}},{"start":{"line":159,"column":8},"end":{"line":162,"column":9}}],"line":159},"21":{"loc":{"start":{"line":164,"column":8},"end":{"line":167,"column":23}},"type":"if","locations":[{"start":{"line":164,"column":8},"end":{"line":167,"column":23}},{"start":{"line":164,"column":8},"end":{"line":167,"column":23}}],"line":164},"22":{"loc":{"start":{"line":171,"column":8},"end":{"line":174,"column":9}},"type":"if","locations":[{"start":{"line":171,"column":8},"end":{"line":174,"column":9}},{"start":{"line":171,"column":8},"end":{"line":174,"column":9}}],"line":171},"23":{"loc":{"start":{"line":176,"column":8},"end":{"line":189,"column":62}},"type":"if","locations":[{"start":{"line":176,"column":8},"end":{"line":189,"column":62}},{"start":{"line":176,"column":8},"end":{"line":189,"column":62}}],"line":176},"24":{"loc":{"start":{"line":176,"column":11},"end":{"line":176,"column":35}},"type":"binary-expr","locations":[{"start":{"line":176,"column":11},"end":{"line":176,"column":22}},{"start":{"line":176,"column":26},"end":{"line":176,"column":35}}],"line":176},"25":{"loc":{"start":{"line":178,"column":16},"end":{"line":181,"column":79}},"type":"if","locations":[{"start":{"line":178,"column":16},"end":{"line":181,"column":79}},{"start":{"line":178,"column":16},"end":{"line":181,"column":79}}],"line":178},"26":{"loc":{"start":{"line":193,"column":8},"end":{"line":196,"column":9}},"type":"if","locations":[{"start":{"line":193,"column":8},"end":{"line":196,"column":9}},{"start":{"line":193,"column":8},"end":{"line":196,"column":9}}],"line":193},"27":{"loc":{"start":{"line":198,"column":8},"end":{"line":210,"column":60}},"type":"if","locations":[{"start":{"line":198,"column":8},"end":{"line":210,"column":60}},{"start":{"line":198,"column":8},"end":{"line":210,"column":60}}],"line":198},"28":{"loc":{"start":{"line":200,"column":16},"end":{"line":203,"column":37}},"type":"if","locations":[{"start":{"line":200,"column":16},"end":{"line":203,"column":37}},{"start":{"line":200,"column":16},"end":{"line":203,"column":37}}],"line":200},"29":{"loc":{"start":{"line":214,"column":8},"end":{"line":217,"column":9}},"type":"if","locations":[{"start":{"line":214,"column":8},"end":{"line":217,"column":9}},{"start":{"line":214,"column":8},"end":{"line":217,"column":9}}],"line":214},"30":{"loc":{"start":{"line":220,"column":8},"end":{"line":253,"column":64}},"type":"if","locations":[{"start":{"line":220,"column":8},"end":{"line":253,"column":64}},{"start":{"line":220,"column":8},"end":{"line":253,"column":64}}],"line":220},"31":{"loc":{"start":{"line":220,"column":11},"end":{"line":220,"column":31}},"type":"binary-expr","locations":[{"start":{"line":220,"column":11},"end":{"line":220,"column":22}},{"start":{"line":220,"column":26},"end":{"line":220,"column":31}}],"line":220},"32":{"loc":{"start":{"line":222,"column":12},"end":{"line":250,"column":58}},"type":"if","locations":[{"start":{"line":222,"column":12},"end":{"line":250,"column":58}},{"start":{"line":222,"column":12},"end":{"line":250,"column":58}}],"line":222},"33":{"loc":{"start":{"line":224,"column":16},"end":{"line":247,"column":96}},"type":"if","locations":[{"start":{"line":224,"column":16},"end":{"line":247,"column":96}},{"start":{"line":224,"column":16},"end":{"line":247,"column":96}}],"line":224},"34":{"loc":{"start":{"line":230,"column":20},"end":{"line":244,"column":93}},"type":"if","locations":[{"start":{"line":230,"column":20},"end":{"line":244,"column":93}},{"start":{"line":230,"column":20},"end":{"line":244,"column":93}}],"line":230},"35":{"loc":{"start":{"line":233,"column":28},"end":{"line":234,"column":122}},"type":"if","locations":[{"start":{"line":233,"column":28},"end":{"line":234,"column":122}},{"start":{"line":233,"column":28},"end":{"line":234,"column":122}}],"line":233},"36":{"loc":{"start":{"line":237,"column":24},"end":{"line":241,"column":74}},"type":"if","locations":[{"start":{"line":237,"column":24},"end":{"line":241,"column":74}},{"start":{"line":237,"column":24},"end":{"line":241,"column":74}}],"line":237},"37":{"loc":{"start":{"line":257,"column":8},"end":{"line":260,"column":9}},"type":"if","locations":[{"start":{"line":257,"column":8},"end":{"line":260,"column":9}},{"start":{"line":257,"column":8},"end":{"line":260,"column":9}}],"line":257},"38":{"loc":{"start":{"line":270,"column":8},"end":{"line":281,"column":101}},"type":"if","locations":[{"start":{"line":270,"column":8},"end":{"line":281,"column":101}},{"start":{"line":270,"column":8},"end":{"line":281,"column":101}}],"line":270},"39":{"loc":{"start":{"line":270,"column":11},"end":{"line":270,"column":43}},"type":"binary-expr","locations":[{"start":{"line":270,"column":11},"end":{"line":270,"column":27}},{"start":{"line":270,"column":31},"end":{"line":270,"column":43}}],"line":270},"40":{"loc":{"start":{"line":273,"column":20},"end":{"line":274,"column":109}},"type":"if","locations":[{"start":{"line":273,"column":20},"end":{"line":274,"column":109}},{"start":{"line":273,"column":20},"end":{"line":274,"column":109}}],"line":273},"41":{"loc":{"start":{"line":273,"column":23},"end":{"line":273,"column":119}},"type":"binary-expr","locations":[{"start":{"line":273,"column":23},"end":{"line":273,"column":56}},{"start":{"line":273,"column":60},"end":{"line":273,"column":119}}],"line":273},"42":{"loc":{"start":{"line":288,"column":8},"end":{"line":303,"column":56}},"type":"if","locations":[{"start":{"line":288,"column":8},"end":{"line":303,"column":56}},{"start":{"line":288,"column":8},"end":{"line":303,"column":56}}],"line":288},"43":{"loc":{"start":{"line":292,"column":16},"end":{"line":298,"column":17}},"type":"if","locations":[{"start":{"line":292,"column":16},"end":{"line":298,"column":17}},{"start":{"line":292,"column":16},"end":{"line":298,"column":17}}],"line":292},"44":{"loc":{"start":{"line":311,"column":33},"end":{"line":311,"column":62}},"type":"default-arg","locations":[{"start":{"line":311,"column":47},"end":{"line":311,"column":62}}],"line":311},"45":{"loc":{"start":{"line":324,"column":8},"end":{"line":327,"column":9}},"type":"if","locations":[{"start":{"line":324,"column":8},"end":{"line":327,"column":9}},{"start":{"line":324,"column":8},"end":{"line":327,"column":9}}],"line":324},"46":{"loc":{"start":{"line":330,"column":12},"end":{"line":338,"column":63}},"type":"if","locations":[{"start":{"line":330,"column":12},"end":{"line":338,"column":63}},{"start":{"line":330,"column":12},"end":{"line":338,"column":63}}],"line":330},"47":{"loc":{"start":{"line":332,"column":16},"end":{"line":335,"column":33}},"type":"if","locations":[{"start":{"line":332,"column":16},"end":{"line":335,"column":33}},{"start":{"line":332,"column":16},"end":{"line":335,"column":33}}],"line":332},"48":{"loc":{"start":{"line":346,"column":8},"end":{"line":349,"column":9}},"type":"if","locations":[{"start":{"line":346,"column":8},"end":{"line":349,"column":9}},{"start":{"line":346,"column":8},"end":{"line":349,"column":9}}],"line":346},"49":{"loc":{"start":{"line":353,"column":12},"end":{"line":355,"column":13}},"type":"if","locations":[{"start":{"line":353,"column":12},"end":{"line":355,"column":13}},{"start":{"line":353,"column":12},"end":{"line":355,"column":13}}],"line":353},"50":{"loc":{"start":{"line":360,"column":8},"end":{"line":363,"column":9}},"type":"if","locations":[{"start":{"line":360,"column":8},"end":{"line":363,"column":9}},{"start":{"line":360,"column":8},"end":{"line":363,"column":9}}],"line":360},"51":{"loc":{"start":{"line":375,"column":16},"end":{"line":378,"column":17}},"type":"if","locations":[{"start":{"line":375,"column":16},"end":{"line":378,"column":17}},{"start":{"line":375,"column":16},"end":{"line":378,"column":17}}],"line":375},"52":{"loc":{"start":{"line":389,"column":8},"end":{"line":391,"column":9}},"type":"if","locations":[{"start":{"line":389,"column":8},"end":{"line":391,"column":9}},{"start":{"line":389,"column":8},"end":{"line":391,"column":9}}],"line":389}},"s":{"0":1,"1":1,"2":1,"3":1,"4":1,"5":1,"6":1,"7":1,"8":1,"9":1,"10":1,"11":1,"12":1,"13":1,"14":1,"15":1,"16":1,"17":1,"18":1,"19":7,"20":7,"21":7,"22":7,"23":76,"24":7,"25":7,"26":0,"27":0,"28":0,"29":0,"30":0,"31":0,"32":0,"33":0,"34":0,"35":0,"36":0,"37":0,"38":0,"39":0,"40":0,"41":0,"42":0,"43":0,"44":0,"45":0,"46":0,"47":0,"48":0,"49":0,"50":0,"51":0,"52":0,"53":0,"54":0,"55":0,"56":0,"57":0,"58":0,"59":0,"60":0,"61":0,"62":0,"63":0,"64":0,"65":0,"66":0,"67":0,"68":0,"69":0,"70":0,"71":0,"72":0,"73":0,"74":0,"75":0,"76":0,"77":0,"78":0,"79":0,"80":0,"81":0,"82":0,"83":0,"84":0,"85":0,"86":0,"87":0,"88":0,"89":0,"90":0,"91":0,"92":0,"93":0,"94":0,"95":0,"96":0,"97":0,"98":0,"99":0,"100":0,"101":0,"102":0,"103":0,"104":0,"105":0,"106":0,"107":0,"108":0,"109":0,"110":0,"111":0,"112":0,"113":0,"114":0,"115":0,"116":0,"117":0,"118":0,"119":0,"120":0,"121":0,"122":0,"123":0,"124":0,"125":0,"126":0,"127":0,"128":0,"129":0,"130":0,"131":0,"132":0,"133":0,"134":0,"135":0,"136":0,"137":0,"138":0,"139":0,"140":0,"141":0,"142":0,"143":0,"144":0,"145":0,"146":0,"147":0,"148":0,"149":0,"150":0,"151":0,"152":0,"153":0,"154":0,"155":0,"156":0,"157":0,"158":0,"159":0,"160":0,"161":0,"162":0,"163":0,"164":0,"165":0,"166":0,"167":0,"168":0,"169":0,"170":0,"171":0,"172":0,"173":0,"174":0,"175":0,"176":0,"177":0,"178":0,"179":0,"180":0,"181":0,"182":0,"183":0,"184":0,"185":0,"186":0,"187":0,"188":0,"189":0,"190":0,"191":0,"192":0,"193":1,"194":1,"195":1,"196":1},"f":{"0":1,"1":1,"2":0,"3":0,"4":0,"5":0,"6":0,"7":0,"8":0,"9":0,"10":0,"11":0,"12":0,"13":0,"14":0,"15":0,"16":0,"17":0,"18":0,"19":0,"20":1,"21":1},"b":{"0":[1,0],"1":[0,0],"2":[0,0],"3":[0,0],"4":[0,0],"5":[0,0],"6":[0,0],"7":[0,0],"8":[0,0],"9":[0,0],"10":[0,0],"11":[0,0],"12":[0,0],"13":[0,0],"14":[0,0,0],"15":[0,0],"16":[0,0],"17":[0,0],"18":[0,0],"19":[0,0],"20":[0,0],"21":[0,0],"22":[0,0],"23":[0,0],"24":[0,0],"25":[0,0],"26":[0,0],"27":[0,0],"28":[0,0],"29":[0,0],"30":[0,0],"31":[0,0],"32":[0,0],"33":[0,0],"34":[0,0],"35":[0,0],"36":[0,0],"37":[0,0],"38":[0,0],"39":[0,0],"40":[0,0],"41":[0,0],"42":[0,0],"43":[0,0],"44":[0],"45":[0,0],"46":[0,0],"47":[0,0],"48":[0,0],"49":[0,0],"50":[0,0],"51":[0,0],"52":[1,0]},"_coverageSchema":"1a1c01bbd47fc00a2c39e90264f33305004495a9","hash":"8d8f0c7e2eb9f9bfd80b4e1198d889c6f78e06a9"}
,"C:\\Users\\Zeeshan\\OneDrive - University of Pretoria\\Documents\\BIT\\Year 4\\Semester 1\\COS 301\\Projects\\Crypto-Market-Analysis\\server\\social_media_sites\\chan.js": {"path":"C:\\Users\\Zeeshan\\OneDrive - University of Pretoria\\Documents\\BIT\\Year 4\\Semester 1\\COS 301\\Projects\\Crypto-Market-Analysis\\server\\social_media_sites\\chan.js","statementMap":{"0":{"start":{"line":1,"column":18},"end":{"line":1,"column":38}},"1":{"start":{"line":2,"column":16},"end":{"line":2,"column":34}},"2":{"start":{"line":3,"column":11},"end":{"line":3,"column":24}},"3":{"start":{"line":4,"column":14},"end":{"line":4,"column":19}},"4":{"start":{"line":5,"column":14},"end":{"line":5,"column":16}},"5":{"start":{"line":6,"column":17},"end":{"line":6,"column":48}},"6":{"start":{"line":7,"column":13},"end":{"line":7,"column":33}},"7":{"start":{"line":8,"column":9},"end":{"line":8,"column":21}},"8":{"start":{"line":9,"column":24},"end":{"line":9,"column":65}},"9":{"start":{"line":10,"column":20},"end":{"line":10,"column":55}},"10":{"start":{"line":11,"column":21},"end":{"line":11,"column":49}},"11":{"start":{"line":15,"column":12},"end":{"line":17,"column":1}},"12":{"start":{"line":16,"column":4},"end":{"line":16,"column":60}},"13":{"start":{"line":20,"column":19},"end":{"line":20,"column":47}},"14":{"start":{"line":23,"column":19},"end":{"line":36,"column":5}},"15":{"start":{"line":24,"column":28},"end":{"line":24,"column":30}},"16":{"start":{"line":26,"column":8},"end":{"line":35,"column":9}},"17":{"start":{"line":27,"column":25},"end":{"line":27,"column":107}},"18":{"start":{"line":27,"column":84},"end":{"line":27,"column":105}},"19":{"start":{"line":28,"column":12},"end":{"line":29,"column":53}},"20":{"start":{"line":29,"column":16},"end":{"line":29,"column":53}},"21":{"start":{"line":31,"column":12},"end":{"line":31,"column":62}},"22":{"start":{"line":34,"column":12},"end":{"line":34,"column":50}},"23":{"start":{"line":38,"column":21},"end":{"line":75,"column":5}},"24":{"start":{"line":39,"column":8},"end":{"line":39,"column":66}},"25":{"start":{"line":40,"column":26},"end":{"line":40,"column":56}},"26":{"start":{"line":41,"column":8},"end":{"line":74,"column":9}},"27":{"start":{"line":42,"column":30},"end":{"line":42,"column":32}},"28":{"start":{"line":43,"column":26},"end":{"line":70,"column":18}},"29":{"start":{"line":46,"column":35},"end":{"line":46,"column":88}},"30":{"start":{"line":47,"column":20},"end":{"line":51,"column":23}},"31":{"start":{"line":48,"column":24},"end":{"line":50,"column":25}},"32":{"start":{"line":55,"column":20},"end":{"line":55,"column":95}},"33":{"start":{"line":56,"column":36},"end":{"line":68,"column":22}},"34":{"start":{"line":57,"column":32},"end":{"line":57,"column":58}},"35":{"start":{"line":59,"column":28},"end":{"line":65,"column":29}},"36":{"start":{"line":66,"column":24},"end":{"line":66,"column":36}},"37":{"start":{"line":69,"column":20},"end":{"line":69,"column":37}},"38":{"start":{"line":71,"column":12},"end":{"line":71,"column":27}},"39":{"start":{"line":73,"column":12},"end":{"line":73,"column":29}},"40":{"start":{"line":107,"column":0},"end":{"line":107,"column":22}}},"fnMap":{"0":{"name":"(anonymous_0)","decl":{"start":{"line":15,"column":12},"end":{"line":15,"column":13}},"loc":{"start":{"line":15,"column":23},"end":{"line":17,"column":1}},"line":15},"1":{"name":"(anonymous_1)","decl":{"start":{"line":23,"column":19},"end":{"line":23,"column":20}},"loc":{"start":{"line":23,"column":29},"end":{"line":36,"column":5}},"line":23},"2":{"name":"(anonymous_2)","decl":{"start":{"line":27,"column":69},"end":{"line":27,"column":70}},"loc":{"start":{"line":27,"column":83},"end":{"line":27,"column":106}},"line":27},"3":{"name":"(anonymous_3)","decl":{"start":{"line":38,"column":21},"end":{"line":38,"column":22}},"loc":{"start":{"line":38,"column":32},"end":{"line":75,"column":5}},"line":38},"4":{"name":"(anonymous_4)","decl":{"start":{"line":45,"column":26},"end":{"line":45,"column":27}},"loc":{"start":{"line":45,"column":32},"end":{"line":52,"column":17}},"line":45},"5":{"name":"(anonymous_5)","decl":{"start":{"line":47,"column":40},"end":{"line":47,"column":41}},"loc":{"start":{"line":47,"column":48},"end":{"line":51,"column":21}},"line":47},"6":{"name":"(anonymous_6)","decl":{"start":{"line":54,"column":22},"end":{"line":54,"column":23}},"loc":{"start":{"line":54,"column":33},"end":{"line":70,"column":17}},"line":54},"7":{"name":"(anonymous_7)","decl":{"start":{"line":56,"column":48},"end":{"line":56,"column":49}},"loc":{"start":{"line":56,"column":56},"end":{"line":68,"column":21}},"line":56}},"branchMap":{},"s":{"0":1,"1":1,"2":1,"3":1,"4":1,"5":1,"6":1,"7":1,"8":1,"9":1,"10":1,"11":1,"12":0,"13":1,"14":1,"15":0,"16":0,"17":0,"18":0,"19":0,"20":0,"21":0,"22":0,"23":1,"24":0,"25":0,"26":0,"27":0,"28":0,"29":0,"30":0,"31":0,"32":0,"33":0,"34":0,"35":0,"36":0,"37":0,"38":0,"39":0,"40":1},"f":{"0":0,"1":0,"2":0,"3":0,"4":0,"5":0,"6":0,"7":0},"b":{},"_coverageSchema":"1a1c01bbd47fc00a2c39e90264f33305004495a9","hash":"e21b40974bda2d6212c56612c73cf407a96ef390"}
}
